[0.010s] Invoking command in '/root/ros2_ws/build/latency_interfaces': CMAKE_PREFIX_PATH=${CMAKE_PREFIX_PATH}:/root/ros2_ws/install/latency_test:/opt/ros/humble /usr/bin/cmake --build /root/ros2_ws/build/latency_interfaces -- -j16 -l16
[0.059s] [  3%] Built target latency_interfaces__cpp
[0.059s] [  6%] Built target latency_interfaces__rs
[0.062s] [ 15%] Built target latency_interfaces__rosidl_generator_c
[0.069s] [ 15%] Built target ament_cmake_python_copy_latency_interfaces
[0.079s] [ 25%] Built target latency_interfaces__rosidl_typesupport_introspection_cpp
[0.079s] [ 43%] Built target latency_interfaces__rosidl_typesupport_cpp
[0.079s] [ 43%] Built target latency_interfaces__rosidl_typesupport_fastrtps_cpp
[0.080s] [ 59%] Built target latency_interfaces__rosidl_typesupport_introspection_c
[0.080s] [ 62%] Built target latency_interfaces__rosidl_typesupport_c
[0.081s] [ 71%] Built target latency_interfaces__rosidl_typesupport_fastrtps_c
[0.099s] [ 71%] Built target latency_interfaces
[0.118s] [ 75%] Built target latency_interfaces__py
[0.140s] [ 81%] Built target latency_interfaces__rosidl_generator_py
[0.160s] [ 87%] Built target latency_interfaces__rosidl_typesupport_introspection_c__pyext
[0.161s] [ 93%] Built target latency_interfaces__rosidl_typesupport_c__pyext
[0.162s] [100%] Built target latency_interfaces__rosidl_typesupport_fastrtps_c__pyext
[0.248s] running egg_info
[0.248s] writing latency_interfaces.egg-info/PKG-INFO
[0.249s] writing dependency_links to latency_interfaces.egg-info/dependency_links.txt
[0.249s] writing top-level names to latency_interfaces.egg-info/top_level.txt
[0.250s] reading manifest file 'latency_interfaces.egg-info/SOURCES.txt'
[0.251s] writing manifest file 'latency_interfaces.egg-info/SOURCES.txt'
[0.269s] [100%] Built target ament_cmake_python_build_latency_interfaces_egg
[0.280s] Invoked command in '/root/ros2_ws/build/latency_interfaces' returned '0': CMAKE_PREFIX_PATH=${CMAKE_PREFIX_PATH}:/root/ros2_ws/install/latency_test:/opt/ros/humble /usr/bin/cmake --build /root/ros2_ws/build/latency_interfaces -- -j16 -l16
[0.288s] Invoking command in '/root/ros2_ws/build/latency_interfaces': CMAKE_PREFIX_PATH=${CMAKE_PREFIX_PATH}:/root/ros2_ws/install/latency_test:/opt/ros/humble /usr/bin/cmake --install /root/ros2_ws/build/latency_interfaces
[0.295s] -- Install configuration: ""
[0.295s] -- Up-to-date: /root/ros2_ws/install/latency_interfaces/share/ament_index/resource_index/rosidl_interfaces/latency_interfaces
[0.295s] -- Up-to-date: /root/ros2_ws/install/latency_interfaces/include/latency_interfaces/latency_interfaces
[0.295s] -- Up-to-date: /root/ros2_ws/install/latency_interfaces/include/latency_interfaces/latency_interfaces/msg
[0.295s] -- Up-to-date: /root/ros2_ws/install/latency_interfaces/include/latency_interfaces/latency_interfaces/msg/detail
[0.295s] -- Up-to-date: /root/ros2_ws/install/latency_interfaces/include/latency_interfaces/latency_interfaces/msg/detail/latency_msg__functions.h
[0.295s] -- Up-to-date: /root/ros2_ws/install/latency_interfaces/include/latency_interfaces/latency_interfaces/msg/detail/latency_msg__functions.c
[0.295s] -- Up-to-date: /root/ros2_ws/install/latency_interfaces/include/latency_interfaces/latency_interfaces/msg/detail/latency_msg__type_support.h
[0.295s] -- Up-to-date: /root/ros2_ws/install/latency_interfaces/include/latency_interfaces/latency_interfaces/msg/detail/latency_msg__struct.h
[0.295s] -- Up-to-date: /root/ros2_ws/install/latency_interfaces/include/latency_interfaces/latency_interfaces/msg/rosidl_generator_c__visibility_control.h
[0.295s] -- Up-to-date: /root/ros2_ws/install/latency_interfaces/include/latency_interfaces/latency_interfaces/msg/latency_msg.h
[0.295s] -- Up-to-date: /root/ros2_ws/install/latency_interfaces/share/latency_interfaces/environment/library_path.sh
[0.295s] -- Up-to-date: /root/ros2_ws/install/latency_interfaces/share/latency_interfaces/environment/library_path.dsv
[0.296s] -- Up-to-date: /root/ros2_ws/install/latency_interfaces/lib/liblatency_interfaces__rosidl_generator_c.so
[0.296s] -- Up-to-date: /root/ros2_ws/install/latency_interfaces/include/latency_interfaces/latency_interfaces
[0.296s] -- Up-to-date: /root/ros2_ws/install/latency_interfaces/include/latency_interfaces/latency_interfaces/msg
[0.296s] -- Up-to-date: /root/ros2_ws/install/latency_interfaces/include/latency_interfaces/latency_interfaces/msg/detail
[0.296s] -- Up-to-date: /root/ros2_ws/install/latency_interfaces/include/latency_interfaces/latency_interfaces/msg/detail/latency_msg__rosidl_typesupport_fastrtps_c.h
[0.296s] -- Up-to-date: /root/ros2_ws/install/latency_interfaces/include/latency_interfaces/latency_interfaces/msg/rosidl_typesupport_fastrtps_c__visibility_control.h
[0.296s] -- Up-to-date: /root/ros2_ws/install/latency_interfaces/lib/liblatency_interfaces__rosidl_typesupport_fastrtps_c.so
[0.296s] -- Up-to-date: /root/ros2_ws/install/latency_interfaces/include/latency_interfaces/latency_interfaces
[0.296s] -- Up-to-date: /root/ros2_ws/install/latency_interfaces/include/latency_interfaces/latency_interfaces/msg
[0.296s] -- Up-to-date: /root/ros2_ws/install/latency_interfaces/include/latency_interfaces/latency_interfaces/msg/latency_msg.hpp
[0.296s] -- Up-to-date: /root/ros2_ws/install/latency_interfaces/include/latency_interfaces/latency_interfaces/msg/rosidl_generator_cpp__visibility_control.hpp
[0.296s] -- Up-to-date: /root/ros2_ws/install/latency_interfaces/include/latency_interfaces/latency_interfaces/msg/detail
[0.297s] -- Up-to-date: /root/ros2_ws/install/latency_interfaces/include/latency_interfaces/latency_interfaces/msg/detail/latency_msg__type_support.hpp
[0.297s] -- Up-to-date: /root/ros2_ws/install/latency_interfaces/include/latency_interfaces/latency_interfaces/msg/detail/latency_msg__builder.hpp
[0.297s] -- Up-to-date: /root/ros2_ws/install/latency_interfaces/include/latency_interfaces/latency_interfaces/msg/detail/latency_msg__traits.hpp
[0.297s] -- Up-to-date: /root/ros2_ws/install/latency_interfaces/include/latency_interfaces/latency_interfaces/msg/detail/latency_msg__struct.hpp
[0.297s] -- Up-to-date: /root/ros2_ws/install/latency_interfaces/include/latency_interfaces/latency_interfaces
[0.297s] -- Up-to-date: /root/ros2_ws/install/latency_interfaces/include/latency_interfaces/latency_interfaces/msg
[0.297s] -- Up-to-date: /root/ros2_ws/install/latency_interfaces/include/latency_interfaces/latency_interfaces/msg/detail
[0.297s] -- Up-to-date: /root/ros2_ws/install/latency_interfaces/include/latency_interfaces/latency_interfaces/msg/detail/dds_fastrtps
[0.297s] -- Up-to-date: /root/ros2_ws/install/latency_interfaces/include/latency_interfaces/latency_interfaces/msg/detail/latency_msg__rosidl_typesupport_fastrtps_cpp.hpp
[0.297s] -- Up-to-date: /root/ros2_ws/install/latency_interfaces/include/latency_interfaces/latency_interfaces/msg/rosidl_typesupport_fastrtps_cpp__visibility_control.h
[0.297s] -- Up-to-date: /root/ros2_ws/install/latency_interfaces/lib/liblatency_interfaces__rosidl_typesupport_fastrtps_cpp.so
[0.297s] -- Up-to-date: /root/ros2_ws/install/latency_interfaces/include/latency_interfaces/latency_interfaces
[0.297s] -- Up-to-date: /root/ros2_ws/install/latency_interfaces/include/latency_interfaces/latency_interfaces/msg
[0.297s] -- Up-to-date: /root/ros2_ws/install/latency_interfaces/include/latency_interfaces/latency_interfaces/msg/rosidl_typesupport_introspection_c__visibility_control.h
[0.298s] -- Up-to-date: /root/ros2_ws/install/latency_interfaces/include/latency_interfaces/latency_interfaces/msg/detail
[0.298s] -- Up-to-date: /root/ros2_ws/install/latency_interfaces/include/latency_interfaces/latency_interfaces/msg/detail/latency_msg__type_support.c
[0.298s] -- Up-to-date: /root/ros2_ws/install/latency_interfaces/include/latency_interfaces/latency_interfaces/msg/detail/latency_msg__rosidl_typesupport_introspection_c.h
[0.298s] -- Up-to-date: /root/ros2_ws/install/latency_interfaces/lib/liblatency_interfaces__rosidl_typesupport_introspection_c.so
[0.298s] -- Up-to-date: /root/ros2_ws/install/latency_interfaces/lib/liblatency_interfaces__rosidl_typesupport_c.so
[0.298s] -- Up-to-date: /root/ros2_ws/install/latency_interfaces/include/latency_interfaces/latency_interfaces
[0.298s] -- Up-to-date: /root/ros2_ws/install/latency_interfaces/include/latency_interfaces/latency_interfaces/msg
[0.298s] -- Up-to-date: /root/ros2_ws/install/latency_interfaces/include/latency_interfaces/latency_interfaces/msg/detail
[0.298s] -- Up-to-date: /root/ros2_ws/install/latency_interfaces/include/latency_interfaces/latency_interfaces/msg/detail/latency_msg__type_support.cpp
[0.299s] -- Up-to-date: /root/ros2_ws/install/latency_interfaces/include/latency_interfaces/latency_interfaces/msg/detail/latency_msg__rosidl_typesupport_introspection_cpp.hpp
[0.299s] -- Up-to-date: /root/ros2_ws/install/latency_interfaces/lib/liblatency_interfaces__rosidl_typesupport_introspection_cpp.so
[0.299s] -- Up-to-date: /root/ros2_ws/install/latency_interfaces/lib/liblatency_interfaces__rosidl_typesupport_cpp.so
[0.299s] -- Up-to-date: /root/ros2_ws/install/latency_interfaces/share/latency_interfaces/environment/pythonpath.sh
[0.299s] -- Up-to-date: /root/ros2_ws/install/latency_interfaces/share/latency_interfaces/environment/pythonpath.dsv
[0.300s] -- Up-to-date: /root/ros2_ws/install/latency_interfaces/local/lib/python3.10/dist-packages/latency_interfaces-0.0.0-py3.10.egg-info
[0.300s] -- Installing: /root/ros2_ws/install/latency_interfaces/local/lib/python3.10/dist-packages/latency_interfaces-0.0.0-py3.10.egg-info/top_level.txt
[0.300s] -- Installing: /root/ros2_ws/install/latency_interfaces/local/lib/python3.10/dist-packages/latency_interfaces-0.0.0-py3.10.egg-info/SOURCES.txt
[0.300s] -- Installing: /root/ros2_ws/install/latency_interfaces/local/lib/python3.10/dist-packages/latency_interfaces-0.0.0-py3.10.egg-info/PKG-INFO
[0.300s] -- Installing: /root/ros2_ws/install/latency_interfaces/local/lib/python3.10/dist-packages/latency_interfaces-0.0.0-py3.10.egg-info/dependency_links.txt
[0.300s] -- Up-to-date: /root/ros2_ws/install/latency_interfaces/local/lib/python3.10/dist-packages/latency_interfaces
[0.300s] -- Up-to-date: /root/ros2_ws/install/latency_interfaces/local/lib/python3.10/dist-packages/latency_interfaces/msg
[0.301s] -- Up-to-date: /root/ros2_ws/install/latency_interfaces/local/lib/python3.10/dist-packages/latency_interfaces/msg/__init__.py
[0.301s] -- Up-to-date: /root/ros2_ws/install/latency_interfaces/local/lib/python3.10/dist-packages/latency_interfaces/msg/_latency_msg.py
[0.301s] -- Up-to-date: /root/ros2_ws/install/latency_interfaces/local/lib/python3.10/dist-packages/latency_interfaces/msg/_latency_msg_s.c
[0.301s] -- Up-to-date: /root/ros2_ws/install/latency_interfaces/local/lib/python3.10/dist-packages/latency_interfaces/__init__.py
[0.301s] -- Up-to-date: /root/ros2_ws/install/latency_interfaces/local/lib/python3.10/dist-packages/latency_interfaces/latency_interfaces_s__rosidl_typesupport_introspection_c.cpython-310-x86_64-linux-gnu.so
[0.301s] -- Up-to-date: /root/ros2_ws/install/latency_interfaces/local/lib/python3.10/dist-packages/latency_interfaces/latency_interfaces_s__rosidl_typesupport_c.cpython-310-x86_64-linux-gnu.so
[0.301s] -- Up-to-date: /root/ros2_ws/install/latency_interfaces/local/lib/python3.10/dist-packages/latency_interfaces/latency_interfaces_s__rosidl_typesupport_fastrtps_c.cpython-310-x86_64-linux-gnu.so
[0.301s] -- Up-to-date: /root/ros2_ws/install/latency_interfaces/local/lib/python3.10/dist-packages/latency_interfaces/liblatency_interfaces__rosidl_generator_py.so
[0.301s] -- Up-to-date: /root/ros2_ws/install/latency_interfaces/local/lib/python3.10/dist-packages/latency_interfaces/_latency_interfaces_s.ep.rosidl_typesupport_introspection_c.c
[0.301s] -- Up-to-date: /root/ros2_ws/install/latency_interfaces/local/lib/python3.10/dist-packages/latency_interfaces/_latency_interfaces_s.ep.rosidl_typesupport_fastrtps_c.c
[0.301s] -- Up-to-date: /root/ros2_ws/install/latency_interfaces/local/lib/python3.10/dist-packages/latency_interfaces/_latency_interfaces_s.ep.rosidl_typesupport_c.c
[0.327s] Listing '/root/ros2_ws/install/latency_interfaces/local/lib/python3.10/dist-packages/latency_interfaces'...
[0.327s] Listing '/root/ros2_ws/install/latency_interfaces/local/lib/python3.10/dist-packages/latency_interfaces/msg'...
[0.330s] -- Up-to-date: /root/ros2_ws/install/latency_interfaces/local/lib/python3.10/dist-packages/latency_interfaces/latency_interfaces_s__rosidl_typesupport_fastrtps_c.cpython-310-x86_64-linux-gnu.so
[0.330s] -- Up-to-date: /root/ros2_ws/install/latency_interfaces/local/lib/python3.10/dist-packages/latency_interfaces/latency_interfaces_s__rosidl_typesupport_introspection_c.cpython-310-x86_64-linux-gnu.so
[0.331s] -- Up-to-date: /root/ros2_ws/install/latency_interfaces/local/lib/python3.10/dist-packages/latency_interfaces/latency_interfaces_s__rosidl_typesupport_c.cpython-310-x86_64-linux-gnu.so
[0.331s] -- Up-to-date: /root/ros2_ws/install/latency_interfaces/lib/liblatency_interfaces__rosidl_generator_py.so
[0.331s] -- Up-to-date: /root/ros2_ws/install/latency_interfaces/share/ament_index/resource_index/rust_packages/latency_interfaces
[0.331s] -- Up-to-date: /root/ros2_ws/install/latency_interfaces/share/latency_interfaces/rust
[0.331s] -- Up-to-date: /root/ros2_ws/install/latency_interfaces/share/latency_interfaces/rust/src
[0.331s] -- Up-to-date: /root/ros2_ws/install/latency_interfaces/share/latency_interfaces/rust/src/msg
[0.331s] -- Up-to-date: /root/ros2_ws/install/latency_interfaces/share/latency_interfaces/rust/src/msg/rmw.rs
[0.331s] -- Up-to-date: /root/ros2_ws/install/latency_interfaces/share/latency_interfaces/rust/src/lib.rs
[0.332s] -- Up-to-date: /root/ros2_ws/install/latency_interfaces/share/latency_interfaces/rust/src/msg.rs
[0.332s] -- Up-to-date: /root/ros2_ws/install/latency_interfaces/share/latency_interfaces/rust/build.rs
[0.332s] -- Up-to-date: /root/ros2_ws/install/latency_interfaces/share/latency_interfaces/rust/Cargo.toml
[0.332s] -- Up-to-date: /root/ros2_ws/install/latency_interfaces/share/latency_interfaces/msg/LatencyMsg.idl
[0.332s] -- Up-to-date: /root/ros2_ws/install/latency_interfaces/share/latency_interfaces/msg/LatencyMsg.msg
[0.332s] -- Up-to-date: /root/ros2_ws/install/latency_interfaces/share/ament_index/resource_index/package_run_dependencies/latency_interfaces
[0.332s] -- Up-to-date: /root/ros2_ws/install/latency_interfaces/share/ament_index/resource_index/parent_prefix_path/latency_interfaces
[0.332s] -- Up-to-date: /root/ros2_ws/install/latency_interfaces/share/latency_interfaces/environment/ament_prefix_path.sh
[0.332s] -- Up-to-date: /root/ros2_ws/install/latency_interfaces/share/latency_interfaces/environment/ament_prefix_path.dsv
[0.332s] -- Up-to-date: /root/ros2_ws/install/latency_interfaces/share/latency_interfaces/environment/path.sh
[0.332s] -- Up-to-date: /root/ros2_ws/install/latency_interfaces/share/latency_interfaces/environment/path.dsv
[0.332s] -- Up-to-date: /root/ros2_ws/install/latency_interfaces/share/latency_interfaces/local_setup.bash
[0.332s] -- Up-to-date: /root/ros2_ws/install/latency_interfaces/share/latency_interfaces/local_setup.sh
[0.332s] -- Up-to-date: /root/ros2_ws/install/latency_interfaces/share/latency_interfaces/local_setup.zsh
[0.332s] -- Up-to-date: /root/ros2_ws/install/latency_interfaces/share/latency_interfaces/local_setup.dsv
[0.333s] -- Installing: /root/ros2_ws/install/latency_interfaces/share/latency_interfaces/package.dsv
[0.333s] -- Up-to-date: /root/ros2_ws/install/latency_interfaces/share/ament_index/resource_index/packages/latency_interfaces
[0.333s] -- Up-to-date: /root/ros2_ws/install/latency_interfaces/share/latency_interfaces/cmake/export_latency_interfaces__rosidl_generator_cExport.cmake
[0.333s] -- Up-to-date: /root/ros2_ws/install/latency_interfaces/share/latency_interfaces/cmake/export_latency_interfaces__rosidl_generator_cExport-noconfig.cmake
[0.333s] -- Up-to-date: /root/ros2_ws/install/latency_interfaces/share/latency_interfaces/cmake/export_latency_interfaces__rosidl_typesupport_fastrtps_cExport.cmake
[0.333s] -- Up-to-date: /root/ros2_ws/install/latency_interfaces/share/latency_interfaces/cmake/export_latency_interfaces__rosidl_typesupport_fastrtps_cExport-noconfig.cmake
[0.333s] -- Up-to-date: /root/ros2_ws/install/latency_interfaces/share/latency_interfaces/cmake/export_latency_interfaces__rosidl_generator_cppExport.cmake
[0.333s] -- Up-to-date: /root/ros2_ws/install/latency_interfaces/share/latency_interfaces/cmake/export_latency_interfaces__rosidl_typesupport_fastrtps_cppExport.cmake
[0.333s] -- Up-to-date: /root/ros2_ws/install/latency_interfaces/share/latency_interfaces/cmake/export_latency_interfaces__rosidl_typesupport_fastrtps_cppExport-noconfig.cmake
[0.333s] -- Up-to-date: /root/ros2_ws/install/latency_interfaces/share/latency_interfaces/cmake/latency_interfaces__rosidl_typesupport_introspection_cExport.cmake
[0.333s] -- Up-to-date: /root/ros2_ws/install/latency_interfaces/share/latency_interfaces/cmake/latency_interfaces__rosidl_typesupport_introspection_cExport-noconfig.cmake
[0.334s] -- Up-to-date: /root/ros2_ws/install/latency_interfaces/share/latency_interfaces/cmake/latency_interfaces__rosidl_typesupport_cExport.cmake
[0.334s] -- Up-to-date: /root/ros2_ws/install/latency_interfaces/share/latency_interfaces/cmake/latency_interfaces__rosidl_typesupport_cExport-noconfig.cmake
[0.334s] -- Up-to-date: /root/ros2_ws/install/latency_interfaces/share/latency_interfaces/cmake/latency_interfaces__rosidl_typesupport_introspection_cppExport.cmake
[0.334s] -- Up-to-date: /root/ros2_ws/install/latency_interfaces/share/latency_interfaces/cmake/latency_interfaces__rosidl_typesupport_introspection_cppExport-noconfig.cmake
[0.334s] -- Up-to-date: /root/ros2_ws/install/latency_interfaces/share/latency_interfaces/cmake/latency_interfaces__rosidl_typesupport_cppExport.cmake
[0.334s] -- Up-to-date: /root/ros2_ws/install/latency_interfaces/share/latency_interfaces/cmake/latency_interfaces__rosidl_typesupport_cppExport-noconfig.cmake
[0.334s] -- Up-to-date: /root/ros2_ws/install/latency_interfaces/share/latency_interfaces/cmake/export_latency_interfaces__rosidl_generator_pyExport.cmake
[0.334s] -- Up-to-date: /root/ros2_ws/install/latency_interfaces/share/latency_interfaces/cmake/export_latency_interfaces__rosidl_generator_pyExport-noconfig.cmake
[0.334s] -- Up-to-date: /root/ros2_ws/install/latency_interfaces/share/latency_interfaces/cmake/rosidl_cmake-extras.cmake
[0.334s] -- Up-to-date: /root/ros2_ws/install/latency_interfaces/share/latency_interfaces/cmake/ament_cmake_export_dependencies-extras.cmake
[0.334s] -- Up-to-date: /root/ros2_ws/install/latency_interfaces/share/latency_interfaces/cmake/ament_cmake_export_include_directories-extras.cmake
[0.334s] -- Up-to-date: /root/ros2_ws/install/latency_interfaces/share/latency_interfaces/cmake/ament_cmake_export_libraries-extras.cmake
[0.334s] -- Up-to-date: /root/ros2_ws/install/latency_interfaces/share/latency_interfaces/cmake/ament_cmake_export_targets-extras.cmake
[0.334s] -- Up-to-date: /root/ros2_ws/install/latency_interfaces/share/latency_interfaces/cmake/rosidl_cmake_export_typesupport_targets-extras.cmake
[0.335s] -- Up-to-date: /root/ros2_ws/install/latency_interfaces/share/latency_interfaces/cmake/rosidl_cmake_export_typesupport_libraries-extras.cmake
[0.335s] -- Up-to-date: /root/ros2_ws/install/latency_interfaces/share/latency_interfaces/cmake/latency_interfacesConfig.cmake
[0.335s] -- Up-to-date: /root/ros2_ws/install/latency_interfaces/share/latency_interfaces/cmake/latency_interfacesConfig-version.cmake
[0.335s] -- Up-to-date: /root/ros2_ws/install/latency_interfaces/share/latency_interfaces/package.xml
[0.337s] Invoked command in '/root/ros2_ws/build/latency_interfaces' returned '0': CMAKE_PREFIX_PATH=${CMAKE_PREFIX_PATH}:/root/ros2_ws/install/latency_test:/opt/ros/humble /usr/bin/cmake --install /root/ros2_ws/build/latency_interfaces
