[0.011s] Invoking command in '/root/ros2_ws/build/latency_interfaces': CMAKE_PREFIX_PATH=${CMAKE_PREFIX_PATH}:/root/ros2_ws/install/latency_test:/opt/ros/humble /usr/bin/cmake --build /root/ros2_ws/build/latency_interfaces -- -j16 -l16
[0.057s] [  3%] Built target latency_interfaces__rs
[0.057s] [  6%] Built target latency_interfaces__cpp
[0.059s] [ 15%] Built target latency_interfaces__rosidl_generator_c
[0.065s] [ 15%] Built target ament_cmake_python_copy_latency_interfaces
[0.076s] [ 25%] Built target latency_interfaces__rosidl_typesupport_cpp
[0.076s] [ 34%] Built target latency_interfaces__rosidl_typesupport_fastrtps_cpp
[0.077s] [ 43%] Built target latency_interfaces__rosidl_typesupport_introspection_cpp
[0.078s] [ 53%] Built target latency_interfaces__rosidl_typesupport_c
[0.079s] [ 62%] Built target latency_interfaces__rosidl_typesupport_introspection_c
[0.079s] [ 71%] Built target latency_interfaces__rosidl_typesupport_fastrtps_c
[0.099s] [ 71%] Built target latency_interfaces
[0.118s] [ 75%] Built target latency_interfaces__py
[0.139s] [ 81%] Built target latency_interfaces__rosidl_generator_py
[0.159s] [ 87%] Built target latency_interfaces__rosidl_typesupport_c__pyext
[0.159s] [ 96%] Built target latency_interfaces__rosidl_typesupport_fastrtps_c__pyext
[0.159s] [100%] Built target latency_interfaces__rosidl_typesupport_introspection_c__pyext
[0.242s] running egg_info
[0.243s] writing latency_interfaces.egg-info/PKG-INFO
[0.243s] writing dependency_links to latency_interfaces.egg-info/dependency_links.txt
[0.243s] writing top-level names to latency_interfaces.egg-info/top_level.txt
[0.245s] reading manifest file 'latency_interfaces.egg-info/SOURCES.txt'
[0.245s] writing manifest file 'latency_interfaces.egg-info/SOURCES.txt'
[0.262s] [100%] Built target ament_cmake_python_build_latency_interfaces_egg
[0.273s] Invoked command in '/root/ros2_ws/build/latency_interfaces' returned '0': CMAKE_PREFIX_PATH=${CMAKE_PREFIX_PATH}:/root/ros2_ws/install/latency_test:/opt/ros/humble /usr/bin/cmake --build /root/ros2_ws/build/latency_interfaces -- -j16 -l16
[0.281s] Invoking command in '/root/ros2_ws/build/latency_interfaces': CMAKE_PREFIX_PATH=${CMAKE_PREFIX_PATH}:/root/ros2_ws/install/latency_test:/opt/ros/humble /usr/bin/cmake --install /root/ros2_ws/build/latency_interfaces
[0.288s] -- Install configuration: ""
[0.288s] -- Up-to-date: /root/ros2_ws/install/latency_interfaces/share/ament_index/resource_index/rosidl_interfaces/latency_interfaces
[0.288s] -- Up-to-date: /root/ros2_ws/install/latency_interfaces/include/latency_interfaces/latency_interfaces
[0.288s] -- Up-to-date: /root/ros2_ws/install/latency_interfaces/include/latency_interfaces/latency_interfaces/msg
[0.288s] -- Up-to-date: /root/ros2_ws/install/latency_interfaces/include/latency_interfaces/latency_interfaces/msg/detail
[0.288s] -- Up-to-date: /root/ros2_ws/install/latency_interfaces/include/latency_interfaces/latency_interfaces/msg/detail/latency_msg__functions.h
[0.288s] -- Up-to-date: /root/ros2_ws/install/latency_interfaces/include/latency_interfaces/latency_interfaces/msg/detail/latency_msg__functions.c
[0.288s] -- Up-to-date: /root/ros2_ws/install/latency_interfaces/include/latency_interfaces/latency_interfaces/msg/detail/latency_msg__type_support.h
[0.288s] -- Up-to-date: /root/ros2_ws/install/latency_interfaces/include/latency_interfaces/latency_interfaces/msg/detail/latency_msg__struct.h
[0.288s] -- Up-to-date: /root/ros2_ws/install/latency_interfaces/include/latency_interfaces/latency_interfaces/msg/rosidl_generator_c__visibility_control.h
[0.289s] -- Up-to-date: /root/ros2_ws/install/latency_interfaces/include/latency_interfaces/latency_interfaces/msg/latency_msg.h
[0.289s] -- Up-to-date: /root/ros2_ws/install/latency_interfaces/share/latency_interfaces/environment/library_path.sh
[0.289s] -- Up-to-date: /root/ros2_ws/install/latency_interfaces/share/latency_interfaces/environment/library_path.dsv
[0.289s] -- Up-to-date: /root/ros2_ws/install/latency_interfaces/lib/liblatency_interfaces__rosidl_generator_c.so
[0.289s] -- Up-to-date: /root/ros2_ws/install/latency_interfaces/include/latency_interfaces/latency_interfaces
[0.289s] -- Up-to-date: /root/ros2_ws/install/latency_interfaces/include/latency_interfaces/latency_interfaces/msg
[0.289s] -- Up-to-date: /root/ros2_ws/install/latency_interfaces/include/latency_interfaces/latency_interfaces/msg/detail
[0.289s] -- Up-to-date: /root/ros2_ws/install/latency_interfaces/include/latency_interfaces/latency_interfaces/msg/detail/latency_msg__rosidl_typesupport_fastrtps_c.h
[0.289s] -- Up-to-date: /root/ros2_ws/install/latency_interfaces/include/latency_interfaces/latency_interfaces/msg/rosidl_typesupport_fastrtps_c__visibility_control.h
[0.289s] -- Up-to-date: /root/ros2_ws/install/latency_interfaces/lib/liblatency_interfaces__rosidl_typesupport_fastrtps_c.so
[0.289s] -- Up-to-date: /root/ros2_ws/install/latency_interfaces/include/latency_interfaces/latency_interfaces
[0.289s] -- Up-to-date: /root/ros2_ws/install/latency_interfaces/include/latency_interfaces/latency_interfaces/msg
[0.289s] -- Up-to-date: /root/ros2_ws/install/latency_interfaces/include/latency_interfaces/latency_interfaces/msg/latency_msg.hpp
[0.290s] -- Up-to-date: /root/ros2_ws/install/latency_interfaces/include/latency_interfaces/latency_interfaces/msg/rosidl_generator_cpp__visibility_control.hpp
[0.290s] -- Up-to-date: /root/ros2_ws/install/latency_interfaces/include/latency_interfaces/latency_interfaces/msg/detail
[0.290s] -- Up-to-date: /root/ros2_ws/install/latency_interfaces/include/latency_interfaces/latency_interfaces/msg/detail/latency_msg__type_support.hpp
[0.290s] -- Up-to-date: /root/ros2_ws/install/latency_interfaces/include/latency_interfaces/latency_interfaces/msg/detail/latency_msg__builder.hpp
[0.290s] -- Up-to-date: /root/ros2_ws/install/latency_interfaces/include/latency_interfaces/latency_interfaces/msg/detail/latency_msg__traits.hpp
[0.290s] -- Up-to-date: /root/ros2_ws/install/latency_interfaces/include/latency_interfaces/latency_interfaces/msg/detail/latency_msg__struct.hpp
[0.290s] -- Up-to-date: /root/ros2_ws/install/latency_interfaces/include/latency_interfaces/latency_interfaces
[0.290s] -- Up-to-date: /root/ros2_ws/install/latency_interfaces/include/latency_interfaces/latency_interfaces/msg
[0.290s] -- Up-to-date: /root/ros2_ws/install/latency_interfaces/include/latency_interfaces/latency_interfaces/msg/detail
[0.290s] -- Up-to-date: /root/ros2_ws/install/latency_interfaces/include/latency_interfaces/latency_interfaces/msg/detail/dds_fastrtps
[0.290s] -- Up-to-date: /root/ros2_ws/install/latency_interfaces/include/latency_interfaces/latency_interfaces/msg/detail/latency_msg__rosidl_typesupport_fastrtps_cpp.hpp
[0.290s] -- Up-to-date: /root/ros2_ws/install/latency_interfaces/include/latency_interfaces/latency_interfaces/msg/rosidl_typesupport_fastrtps_cpp__visibility_control.h
[0.290s] -- Up-to-date: /root/ros2_ws/install/latency_interfaces/lib/liblatency_interfaces__rosidl_typesupport_fastrtps_cpp.so
[0.290s] -- Up-to-date: /root/ros2_ws/install/latency_interfaces/include/latency_interfaces/latency_interfaces
[0.290s] -- Up-to-date: /root/ros2_ws/install/latency_interfaces/include/latency_interfaces/latency_interfaces/msg
[0.291s] -- Up-to-date: /root/ros2_ws/install/latency_interfaces/include/latency_interfaces/latency_interfaces/msg/rosidl_typesupport_introspection_c__visibility_control.h
[0.291s] -- Up-to-date: /root/ros2_ws/install/latency_interfaces/include/latency_interfaces/latency_interfaces/msg/detail
[0.291s] -- Up-to-date: /root/ros2_ws/install/latency_interfaces/include/latency_interfaces/latency_interfaces/msg/detail/latency_msg__type_support.c
[0.291s] -- Up-to-date: /root/ros2_ws/install/latency_interfaces/include/latency_interfaces/latency_interfaces/msg/detail/latency_msg__rosidl_typesupport_introspection_c.h
[0.291s] -- Up-to-date: /root/ros2_ws/install/latency_interfaces/lib/liblatency_interfaces__rosidl_typesupport_introspection_c.so
[0.291s] -- Up-to-date: /root/ros2_ws/install/latency_interfaces/lib/liblatency_interfaces__rosidl_typesupport_c.so
[0.291s] -- Up-to-date: /root/ros2_ws/install/latency_interfaces/include/latency_interfaces/latency_interfaces
[0.291s] -- Up-to-date: /root/ros2_ws/install/latency_interfaces/include/latency_interfaces/latency_interfaces/msg
[0.291s] -- Up-to-date: /root/ros2_ws/install/latency_interfaces/include/latency_interfaces/latency_interfaces/msg/detail
[0.291s] -- Up-to-date: /root/ros2_ws/install/latency_interfaces/include/latency_interfaces/latency_interfaces/msg/detail/latency_msg__type_support.cpp
[0.291s] -- Up-to-date: /root/ros2_ws/install/latency_interfaces/include/latency_interfaces/latency_interfaces/msg/detail/latency_msg__rosidl_typesupport_introspection_cpp.hpp
[0.292s] -- Up-to-date: /root/ros2_ws/install/latency_interfaces/lib/liblatency_interfaces__rosidl_typesupport_introspection_cpp.so
[0.292s] -- Up-to-date: /root/ros2_ws/install/latency_interfaces/lib/liblatency_interfaces__rosidl_typesupport_cpp.so
[0.292s] -- Up-to-date: /root/ros2_ws/install/latency_interfaces/share/latency_interfaces/environment/pythonpath.sh
[0.292s] -- Up-to-date: /root/ros2_ws/install/latency_interfaces/share/latency_interfaces/environment/pythonpath.dsv
[0.292s] -- Up-to-date: /root/ros2_ws/install/latency_interfaces/local/lib/python3.10/dist-packages/latency_interfaces-0.0.0-py3.10.egg-info
[0.292s] -- Installing: /root/ros2_ws/install/latency_interfaces/local/lib/python3.10/dist-packages/latency_interfaces-0.0.0-py3.10.egg-info/top_level.txt
[0.292s] -- Installing: /root/ros2_ws/install/latency_interfaces/local/lib/python3.10/dist-packages/latency_interfaces-0.0.0-py3.10.egg-info/SOURCES.txt
[0.293s] -- Installing: /root/ros2_ws/install/latency_interfaces/local/lib/python3.10/dist-packages/latency_interfaces-0.0.0-py3.10.egg-info/PKG-INFO
[0.293s] -- Installing: /root/ros2_ws/install/latency_interfaces/local/lib/python3.10/dist-packages/latency_interfaces-0.0.0-py3.10.egg-info/dependency_links.txt
[0.293s] -- Up-to-date: /root/ros2_ws/install/latency_interfaces/local/lib/python3.10/dist-packages/latency_interfaces
[0.293s] -- Up-to-date: /root/ros2_ws/install/latency_interfaces/local/lib/python3.10/dist-packages/latency_interfaces/msg
[0.293s] -- Up-to-date: /root/ros2_ws/install/latency_interfaces/local/lib/python3.10/dist-packages/latency_interfaces/msg/__init__.py
[0.293s] -- Up-to-date: /root/ros2_ws/install/latency_interfaces/local/lib/python3.10/dist-packages/latency_interfaces/msg/_latency_msg.py
[0.293s] -- Up-to-date: /root/ros2_ws/install/latency_interfaces/local/lib/python3.10/dist-packages/latency_interfaces/msg/_latency_msg_s.c
[0.293s] -- Up-to-date: /root/ros2_ws/install/latency_interfaces/local/lib/python3.10/dist-packages/latency_interfaces/__init__.py
[0.293s] -- Up-to-date: /root/ros2_ws/install/latency_interfaces/local/lib/python3.10/dist-packages/latency_interfaces/latency_interfaces_s__rosidl_typesupport_introspection_c.cpython-310-x86_64-linux-gnu.so
[0.293s] -- Up-to-date: /root/ros2_ws/install/latency_interfaces/local/lib/python3.10/dist-packages/latency_interfaces/latency_interfaces_s__rosidl_typesupport_c.cpython-310-x86_64-linux-gnu.so
[0.293s] -- Up-to-date: /root/ros2_ws/install/latency_interfaces/local/lib/python3.10/dist-packages/latency_interfaces/latency_interfaces_s__rosidl_typesupport_fastrtps_c.cpython-310-x86_64-linux-gnu.so
[0.293s] -- Up-to-date: /root/ros2_ws/install/latency_interfaces/local/lib/python3.10/dist-packages/latency_interfaces/liblatency_interfaces__rosidl_generator_py.so
[0.294s] -- Up-to-date: /root/ros2_ws/install/latency_interfaces/local/lib/python3.10/dist-packages/latency_interfaces/_latency_interfaces_s.ep.rosidl_typesupport_introspection_c.c
[0.294s] -- Up-to-date: /root/ros2_ws/install/latency_interfaces/local/lib/python3.10/dist-packages/latency_interfaces/_latency_interfaces_s.ep.rosidl_typesupport_fastrtps_c.c
[0.294s] -- Up-to-date: /root/ros2_ws/install/latency_interfaces/local/lib/python3.10/dist-packages/latency_interfaces/_latency_interfaces_s.ep.rosidl_typesupport_c.c
[0.320s] Listing '/root/ros2_ws/install/latency_interfaces/local/lib/python3.10/dist-packages/latency_interfaces'...
[0.320s] Listing '/root/ros2_ws/install/latency_interfaces/local/lib/python3.10/dist-packages/latency_interfaces/msg'...
[0.323s] -- Up-to-date: /root/ros2_ws/install/latency_interfaces/local/lib/python3.10/dist-packages/latency_interfaces/latency_interfaces_s__rosidl_typesupport_fastrtps_c.cpython-310-x86_64-linux-gnu.so
[0.323s] -- Up-to-date: /root/ros2_ws/install/latency_interfaces/local/lib/python3.10/dist-packages/latency_interfaces/latency_interfaces_s__rosidl_typesupport_introspection_c.cpython-310-x86_64-linux-gnu.so
[0.324s] -- Up-to-date: /root/ros2_ws/install/latency_interfaces/local/lib/python3.10/dist-packages/latency_interfaces/latency_interfaces_s__rosidl_typesupport_c.cpython-310-x86_64-linux-gnu.so
[0.324s] -- Up-to-date: /root/ros2_ws/install/latency_interfaces/lib/liblatency_interfaces__rosidl_generator_py.so
[0.324s] -- Up-to-date: /root/ros2_ws/install/latency_interfaces/share/ament_index/resource_index/rust_packages/latency_interfaces
[0.324s] -- Up-to-date: /root/ros2_ws/install/latency_interfaces/share/latency_interfaces/rust
[0.325s] -- Up-to-date: /root/ros2_ws/install/latency_interfaces/share/latency_interfaces/rust/src
[0.325s] -- Up-to-date: /root/ros2_ws/install/latency_interfaces/share/latency_interfaces/rust/src/msg
[0.325s] -- Up-to-date: /root/ros2_ws/install/latency_interfaces/share/latency_interfaces/rust/src/msg/rmw.rs
[0.325s] -- Up-to-date: /root/ros2_ws/install/latency_interfaces/share/latency_interfaces/rust/src/lib.rs
[0.325s] -- Up-to-date: /root/ros2_ws/install/latency_interfaces/share/latency_interfaces/rust/src/msg.rs
[0.325s] -- Up-to-date: /root/ros2_ws/install/latency_interfaces/share/latency_interfaces/rust/build.rs
[0.325s] -- Up-to-date: /root/ros2_ws/install/latency_interfaces/share/latency_interfaces/rust/Cargo.toml
[0.325s] -- Up-to-date: /root/ros2_ws/install/latency_interfaces/share/latency_interfaces/msg/LatencyMsg.idl
[0.325s] -- Up-to-date: /root/ros2_ws/install/latency_interfaces/share/latency_interfaces/msg/LatencyMsg.msg
[0.325s] -- Up-to-date: /root/ros2_ws/install/latency_interfaces/share/ament_index/resource_index/package_run_dependencies/latency_interfaces
[0.325s] -- Up-to-date: /root/ros2_ws/install/latency_interfaces/share/ament_index/resource_index/parent_prefix_path/latency_interfaces
[0.325s] -- Up-to-date: /root/ros2_ws/install/latency_interfaces/share/latency_interfaces/environment/ament_prefix_path.sh
[0.325s] -- Up-to-date: /root/ros2_ws/install/latency_interfaces/share/latency_interfaces/environment/ament_prefix_path.dsv
[0.325s] -- Up-to-date: /root/ros2_ws/install/latency_interfaces/share/latency_interfaces/environment/path.sh
[0.325s] -- Up-to-date: /root/ros2_ws/install/latency_interfaces/share/latency_interfaces/environment/path.dsv
[0.326s] -- Up-to-date: /root/ros2_ws/install/latency_interfaces/share/latency_interfaces/local_setup.bash
[0.326s] -- Up-to-date: /root/ros2_ws/install/latency_interfaces/share/latency_interfaces/local_setup.sh
[0.326s] -- Up-to-date: /root/ros2_ws/install/latency_interfaces/share/latency_interfaces/local_setup.zsh
[0.326s] -- Up-to-date: /root/ros2_ws/install/latency_interfaces/share/latency_interfaces/local_setup.dsv
[0.326s] -- Installing: /root/ros2_ws/install/latency_interfaces/share/latency_interfaces/package.dsv
[0.326s] -- Up-to-date: /root/ros2_ws/install/latency_interfaces/share/ament_index/resource_index/packages/latency_interfaces
[0.326s] -- Up-to-date: /root/ros2_ws/install/latency_interfaces/share/latency_interfaces/cmake/export_latency_interfaces__rosidl_generator_cExport.cmake
[0.326s] -- Up-to-date: /root/ros2_ws/install/latency_interfaces/share/latency_interfaces/cmake/export_latency_interfaces__rosidl_generator_cExport-noconfig.cmake
[0.326s] -- Up-to-date: /root/ros2_ws/install/latency_interfaces/share/latency_interfaces/cmake/export_latency_interfaces__rosidl_typesupport_fastrtps_cExport.cmake
[0.326s] -- Up-to-date: /root/ros2_ws/install/latency_interfaces/share/latency_interfaces/cmake/export_latency_interfaces__rosidl_typesupport_fastrtps_cExport-noconfig.cmake
[0.326s] -- Up-to-date: /root/ros2_ws/install/latency_interfaces/share/latency_interfaces/cmake/export_latency_interfaces__rosidl_generator_cppExport.cmake
[0.326s] -- Up-to-date: /root/ros2_ws/install/latency_interfaces/share/latency_interfaces/cmake/export_latency_interfaces__rosidl_typesupport_fastrtps_cppExport.cmake
[0.326s] -- Up-to-date: /root/ros2_ws/install/latency_interfaces/share/latency_interfaces/cmake/export_latency_interfaces__rosidl_typesupport_fastrtps_cppExport-noconfig.cmake
[0.326s] -- Up-to-date: /root/ros2_ws/install/latency_interfaces/share/latency_interfaces/cmake/latency_interfaces__rosidl_typesupport_introspection_cExport.cmake
[0.326s] -- Up-to-date: /root/ros2_ws/install/latency_interfaces/share/latency_interfaces/cmake/latency_interfaces__rosidl_typesupport_introspection_cExport-noconfig.cmake
[0.326s] -- Up-to-date: /root/ros2_ws/install/latency_interfaces/share/latency_interfaces/cmake/latency_interfaces__rosidl_typesupport_cExport.cmake
[0.327s] -- Up-to-date: /root/ros2_ws/install/latency_interfaces/share/latency_interfaces/cmake/latency_interfaces__rosidl_typesupport_cExport-noconfig.cmake
[0.327s] -- Up-to-date: /root/ros2_ws/install/latency_interfaces/share/latency_interfaces/cmake/latency_interfaces__rosidl_typesupport_introspection_cppExport.cmake
[0.327s] -- Up-to-date: /root/ros2_ws/install/latency_interfaces/share/latency_interfaces/cmake/latency_interfaces__rosidl_typesupport_introspection_cppExport-noconfig.cmake
[0.327s] -- Up-to-date: /root/ros2_ws/install/latency_interfaces/share/latency_interfaces/cmake/latency_interfaces__rosidl_typesupport_cppExport.cmake
[0.327s] -- Up-to-date: /root/ros2_ws/install/latency_interfaces/share/latency_interfaces/cmake/latency_interfaces__rosidl_typesupport_cppExport-noconfig.cmake
[0.327s] -- Up-to-date: /root/ros2_ws/install/latency_interfaces/share/latency_interfaces/cmake/export_latency_interfaces__rosidl_generator_pyExport.cmake
[0.327s] -- Up-to-date: /root/ros2_ws/install/latency_interfaces/share/latency_interfaces/cmake/export_latency_interfaces__rosidl_generator_pyExport-noconfig.cmake
[0.327s] -- Up-to-date: /root/ros2_ws/install/latency_interfaces/share/latency_interfaces/cmake/rosidl_cmake-extras.cmake
[0.327s] -- Up-to-date: /root/ros2_ws/install/latency_interfaces/share/latency_interfaces/cmake/ament_cmake_export_dependencies-extras.cmake
[0.327s] -- Up-to-date: /root/ros2_ws/install/latency_interfaces/share/latency_interfaces/cmake/ament_cmake_export_include_directories-extras.cmake
[0.327s] -- Up-to-date: /root/ros2_ws/install/latency_interfaces/share/latency_interfaces/cmake/ament_cmake_export_libraries-extras.cmake
[0.327s] -- Up-to-date: /root/ros2_ws/install/latency_interfaces/share/latency_interfaces/cmake/ament_cmake_export_targets-extras.cmake
[0.327s] -- Up-to-date: /root/ros2_ws/install/latency_interfaces/share/latency_interfaces/cmake/rosidl_cmake_export_typesupport_targets-extras.cmake
[0.327s] -- Up-to-date: /root/ros2_ws/install/latency_interfaces/share/latency_interfaces/cmake/rosidl_cmake_export_typesupport_libraries-extras.cmake
[0.327s] -- Up-to-date: /root/ros2_ws/install/latency_interfaces/share/latency_interfaces/cmake/latency_interfacesConfig.cmake
[0.328s] -- Up-to-date: /root/ros2_ws/install/latency_interfaces/share/latency_interfaces/cmake/latency_interfacesConfig-version.cmake
[0.328s] -- Up-to-date: /root/ros2_ws/install/latency_interfaces/share/latency_interfaces/package.xml
[0.329s] Invoked command in '/root/ros2_ws/build/latency_interfaces' returned '0': CMAKE_PREFIX_PATH=${CMAKE_PREFIX_PATH}:/root/ros2_ws/install/latency_test:/opt/ros/humble /usr/bin/cmake --install /root/ros2_ws/build/latency_interfaces
