[0.015s] Invoking command in '/root/ros2_ws/build/latency_interfaces': CMAKE_PREFIX_PATH=${CMAKE_PREFIX_PATH}:/root/ros2_ws/install/latency_test:/opt/ros/humble /usr/bin/cmake --build /root/ros2_ws/build/latency_interfaces -- -j16 -l16
[0.145s] [35m[1mConsolidate compiler generated dependencies of target latency_interfaces__rosidl_generator_c[0m
[0.152s] [  3%] Built target latency_interfaces__rs
[0.153s] [  6%] Built target latency_interfaces__cpp
[0.163s] [  6%] Built target ament_cmake_python_copy_latency_interfaces
[0.163s] [ 15%] Built target latency_interfaces__rosidl_generator_c
[0.164s] [35m[1mConsolidate compiler generated dependencies of target latency_interfaces__rosidl_typesupport_cpp[0m
[0.165s] [35m[1mConsolidate compiler generated dependencies of target latency_interfaces__rosidl_typesupport_fastrtps_cpp[0m
[0.166s] [35m[1mConsolidate compiler generated dependencies of target latency_interfaces__rosidl_typesupport_introspection_cpp[0m
[0.174s] [35m[1mConsolidate compiler generated dependencies of target latency_interfaces__rosidl_typesupport_fastrtps_c[0m
[0.174s] [35m[1mConsolidate compiler generated dependencies of target latency_interfaces__rosidl_typesupport_introspection_c[0m
[0.175s] [35m[1mConsolidate compiler generated dependencies of target latency_interfaces__rosidl_typesupport_c[0m
[0.180s] [ 25%] Built target latency_interfaces__rosidl_typesupport_cpp
[0.181s] [ 34%] Built target latency_interfaces__rosidl_typesupport_introspection_cpp
[0.182s] [ 43%] Built target latency_interfaces__rosidl_typesupport_fastrtps_cpp
[0.184s] [ 53%] Built target latency_interfaces__rosidl_typesupport_c
[0.184s] [ 62%] Built target latency_interfaces__rosidl_typesupport_introspection_c
[0.186s] [ 71%] Built target latency_interfaces__rosidl_typesupport_fastrtps_c
[0.205s] [ 71%] Built target latency_interfaces
[0.224s] [ 75%] Built target latency_interfaces__py
[0.236s] [35m[1mConsolidate compiler generated dependencies of target latency_interfaces__rosidl_generator_py[0m
[0.253s] [ 81%] Built target latency_interfaces__rosidl_generator_py
[0.264s] [35m[1mConsolidate compiler generated dependencies of target latency_interfaces__rosidl_typesupport_introspection_c__pyext[0m
[0.265s] [35m[1mConsolidate compiler generated dependencies of target latency_interfaces__rosidl_typesupport_fastrtps_c__pyext[0m
[0.265s] [35m[1mConsolidate compiler generated dependencies of target latency_interfaces__rosidl_typesupport_c__pyext[0m
[0.276s] [ 87%] Built target latency_interfaces__rosidl_typesupport_introspection_c__pyext
[0.277s] [ 93%] Built target latency_interfaces__rosidl_typesupport_c__pyext
[0.277s] [100%] Built target latency_interfaces__rosidl_typesupport_fastrtps_c__pyext
[0.346s] running egg_info
[0.347s] writing latency_interfaces.egg-info/PKG-INFO
[0.347s] writing dependency_links to latency_interfaces.egg-info/dependency_links.txt
[0.347s] writing top-level names to latency_interfaces.egg-info/top_level.txt
[0.349s] reading manifest file 'latency_interfaces.egg-info/SOURCES.txt'
[0.350s] writing manifest file 'latency_interfaces.egg-info/SOURCES.txt'
[0.369s] [100%] Built target ament_cmake_python_build_latency_interfaces_egg
[0.379s] Invoked command in '/root/ros2_ws/build/latency_interfaces' returned '0': CMAKE_PREFIX_PATH=${CMAKE_PREFIX_PATH}:/root/ros2_ws/install/latency_test:/opt/ros/humble /usr/bin/cmake --build /root/ros2_ws/build/latency_interfaces -- -j16 -l16
[0.388s] Invoking command in '/root/ros2_ws/build/latency_interfaces': CMAKE_PREFIX_PATH=${CMAKE_PREFIX_PATH}:/root/ros2_ws/install/latency_test:/opt/ros/humble /usr/bin/cmake --install /root/ros2_ws/build/latency_interfaces
[0.396s] -- Install configuration: ""
[0.397s] -- Up-to-date: /root/ros2_ws/install/latency_interfaces/share/ament_index/resource_index/rosidl_interfaces/latency_interfaces
[0.397s] -- Up-to-date: /root/ros2_ws/install/latency_interfaces/include/latency_interfaces/latency_interfaces
[0.397s] -- Up-to-date: /root/ros2_ws/install/latency_interfaces/include/latency_interfaces/latency_interfaces/msg
[0.397s] -- Up-to-date: /root/ros2_ws/install/latency_interfaces/include/latency_interfaces/latency_interfaces/msg/detail
[0.397s] -- Up-to-date: /root/ros2_ws/install/latency_interfaces/include/latency_interfaces/latency_interfaces/msg/detail/latency_msg__functions.h
[0.397s] -- Up-to-date: /root/ros2_ws/install/latency_interfaces/include/latency_interfaces/latency_interfaces/msg/detail/latency_msg__functions.c
[0.398s] -- Up-to-date: /root/ros2_ws/install/latency_interfaces/include/latency_interfaces/latency_interfaces/msg/detail/latency_msg__type_support.h
[0.398s] -- Up-to-date: /root/ros2_ws/install/latency_interfaces/include/latency_interfaces/latency_interfaces/msg/detail/latency_msg__struct.h
[0.398s] -- Up-to-date: /root/ros2_ws/install/latency_interfaces/include/latency_interfaces/latency_interfaces/msg/rosidl_generator_c__visibility_control.h
[0.398s] -- Up-to-date: /root/ros2_ws/install/latency_interfaces/include/latency_interfaces/latency_interfaces/msg/latency_msg.h
[0.398s] -- Up-to-date: /root/ros2_ws/install/latency_interfaces/share/latency_interfaces/environment/library_path.sh
[0.398s] -- Up-to-date: /root/ros2_ws/install/latency_interfaces/share/latency_interfaces/environment/library_path.dsv
[0.399s] -- Up-to-date: /root/ros2_ws/install/latency_interfaces/lib/liblatency_interfaces__rosidl_generator_c.so
[0.399s] -- Up-to-date: /root/ros2_ws/install/latency_interfaces/include/latency_interfaces/latency_interfaces
[0.399s] -- Up-to-date: /root/ros2_ws/install/latency_interfaces/include/latency_interfaces/latency_interfaces/msg
[0.399s] -- Up-to-date: /root/ros2_ws/install/latency_interfaces/include/latency_interfaces/latency_interfaces/msg/detail
[0.399s] -- Up-to-date: /root/ros2_ws/install/latency_interfaces/include/latency_interfaces/latency_interfaces/msg/detail/latency_msg__rosidl_typesupport_fastrtps_c.h
[0.399s] -- Up-to-date: /root/ros2_ws/install/latency_interfaces/include/latency_interfaces/latency_interfaces/msg/rosidl_typesupport_fastrtps_c__visibility_control.h
[0.400s] -- Up-to-date: /root/ros2_ws/install/latency_interfaces/lib/liblatency_interfaces__rosidl_typesupport_fastrtps_c.so
[0.400s] -- Up-to-date: /root/ros2_ws/install/latency_interfaces/include/latency_interfaces/latency_interfaces
[0.400s] -- Up-to-date: /root/ros2_ws/install/latency_interfaces/include/latency_interfaces/latency_interfaces/msg
[0.400s] -- Up-to-date: /root/ros2_ws/install/latency_interfaces/include/latency_interfaces/latency_interfaces/msg/latency_msg.hpp
[0.400s] -- Up-to-date: /root/ros2_ws/install/latency_interfaces/include/latency_interfaces/latency_interfaces/msg/rosidl_generator_cpp__visibility_control.hpp
[0.400s] -- Up-to-date: /root/ros2_ws/install/latency_interfaces/include/latency_interfaces/latency_interfaces/msg/detail
[0.401s] -- Up-to-date: /root/ros2_ws/install/latency_interfaces/include/latency_interfaces/latency_interfaces/msg/detail/latency_msg__type_support.hpp
[0.401s] -- Up-to-date: /root/ros2_ws/install/latency_interfaces/include/latency_interfaces/latency_interfaces/msg/detail/latency_msg__builder.hpp
[0.401s] -- Up-to-date: /root/ros2_ws/install/latency_interfaces/include/latency_interfaces/latency_interfaces/msg/detail/latency_msg__traits.hpp
[0.401s] -- Up-to-date: /root/ros2_ws/install/latency_interfaces/include/latency_interfaces/latency_interfaces/msg/detail/latency_msg__struct.hpp
[0.401s] -- Up-to-date: /root/ros2_ws/install/latency_interfaces/include/latency_interfaces/latency_interfaces
[0.401s] -- Up-to-date: /root/ros2_ws/install/latency_interfaces/include/latency_interfaces/latency_interfaces/msg
[0.401s] -- Up-to-date: /root/ros2_ws/install/latency_interfaces/include/latency_interfaces/latency_interfaces/msg/detail
[0.401s] -- Up-to-date: /root/ros2_ws/install/latency_interfaces/include/latency_interfaces/latency_interfaces/msg/detail/dds_fastrtps
[0.401s] -- Up-to-date: /root/ros2_ws/install/latency_interfaces/include/latency_interfaces/latency_interfaces/msg/detail/latency_msg__rosidl_typesupport_fastrtps_cpp.hpp
[0.401s] -- Up-to-date: /root/ros2_ws/install/latency_interfaces/include/latency_interfaces/latency_interfaces/msg/rosidl_typesupport_fastrtps_cpp__visibility_control.h
[0.402s] -- Up-to-date: /root/ros2_ws/install/latency_interfaces/lib/liblatency_interfaces__rosidl_typesupport_fastrtps_cpp.so
[0.402s] -- Up-to-date: /root/ros2_ws/install/latency_interfaces/include/latency_interfaces/latency_interfaces
[0.402s] -- Up-to-date: /root/ros2_ws/install/latency_interfaces/include/latency_interfaces/latency_interfaces/msg
[0.402s] -- Up-to-date: /root/ros2_ws/install/latency_interfaces/include/latency_interfaces/latency_interfaces/msg/rosidl_typesupport_introspection_c__visibility_control.h
[0.402s] -- Up-to-date: /root/ros2_ws/install/latency_interfaces/include/latency_interfaces/latency_interfaces/msg/detail
[0.402s] -- Up-to-date: /root/ros2_ws/install/latency_interfaces/include/latency_interfaces/latency_interfaces/msg/detail/latency_msg__type_support.c
[0.402s] -- Up-to-date: /root/ros2_ws/install/latency_interfaces/include/latency_interfaces/latency_interfaces/msg/detail/latency_msg__rosidl_typesupport_introspection_c.h
[0.403s] -- Up-to-date: /root/ros2_ws/install/latency_interfaces/lib/liblatency_interfaces__rosidl_typesupport_introspection_c.so
[0.403s] -- Up-to-date: /root/ros2_ws/install/latency_interfaces/lib/liblatency_interfaces__rosidl_typesupport_c.so
[0.404s] -- Up-to-date: /root/ros2_ws/install/latency_interfaces/include/latency_interfaces/latency_interfaces
[0.404s] -- Up-to-date: /root/ros2_ws/install/latency_interfaces/include/latency_interfaces/latency_interfaces/msg
[0.404s] -- Up-to-date: /root/ros2_ws/install/latency_interfaces/include/latency_interfaces/latency_interfaces/msg/detail
[0.404s] -- Up-to-date: /root/ros2_ws/install/latency_interfaces/include/latency_interfaces/latency_interfaces/msg/detail/latency_msg__type_support.cpp
[0.404s] -- Up-to-date: /root/ros2_ws/install/latency_interfaces/include/latency_interfaces/latency_interfaces/msg/detail/latency_msg__rosidl_typesupport_introspection_cpp.hpp
[0.404s] -- Up-to-date: /root/ros2_ws/install/latency_interfaces/lib/liblatency_interfaces__rosidl_typesupport_introspection_cpp.so
[0.405s] -- Up-to-date: /root/ros2_ws/install/latency_interfaces/lib/liblatency_interfaces__rosidl_typesupport_cpp.so
[0.405s] -- Up-to-date: /root/ros2_ws/install/latency_interfaces/share/latency_interfaces/environment/pythonpath.sh
[0.405s] -- Up-to-date: /root/ros2_ws/install/latency_interfaces/share/latency_interfaces/environment/pythonpath.dsv
[0.405s] -- Up-to-date: /root/ros2_ws/install/latency_interfaces/local/lib/python3.10/dist-packages/latency_interfaces-0.0.0-py3.10.egg-info
[0.406s] -- Installing: /root/ros2_ws/install/latency_interfaces/local/lib/python3.10/dist-packages/latency_interfaces-0.0.0-py3.10.egg-info/top_level.txt
[0.406s] -- Installing: /root/ros2_ws/install/latency_interfaces/local/lib/python3.10/dist-packages/latency_interfaces-0.0.0-py3.10.egg-info/SOURCES.txt
[0.406s] -- Installing: /root/ros2_ws/install/latency_interfaces/local/lib/python3.10/dist-packages/latency_interfaces-0.0.0-py3.10.egg-info/PKG-INFO
[0.406s] -- Installing: /root/ros2_ws/install/latency_interfaces/local/lib/python3.10/dist-packages/latency_interfaces-0.0.0-py3.10.egg-info/dependency_links.txt
[0.406s] -- Up-to-date: /root/ros2_ws/install/latency_interfaces/local/lib/python3.10/dist-packages/latency_interfaces
[0.407s] -- Up-to-date: /root/ros2_ws/install/latency_interfaces/local/lib/python3.10/dist-packages/latency_interfaces/msg
[0.407s] -- Up-to-date: /root/ros2_ws/install/latency_interfaces/local/lib/python3.10/dist-packages/latency_interfaces/msg/__init__.py
[0.407s] -- Up-to-date: /root/ros2_ws/install/latency_interfaces/local/lib/python3.10/dist-packages/latency_interfaces/msg/_latency_msg.py
[0.407s] -- Up-to-date: /root/ros2_ws/install/latency_interfaces/local/lib/python3.10/dist-packages/latency_interfaces/msg/_latency_msg_s.c
[0.407s] -- Up-to-date: /root/ros2_ws/install/latency_interfaces/local/lib/python3.10/dist-packages/latency_interfaces/__init__.py
[0.407s] -- Up-to-date: /root/ros2_ws/install/latency_interfaces/local/lib/python3.10/dist-packages/latency_interfaces/latency_interfaces_s__rosidl_typesupport_introspection_c.cpython-310-x86_64-linux-gnu.so
[0.407s] -- Up-to-date: /root/ros2_ws/install/latency_interfaces/local/lib/python3.10/dist-packages/latency_interfaces/latency_interfaces_s__rosidl_typesupport_c.cpython-310-x86_64-linux-gnu.so
[0.407s] -- Up-to-date: /root/ros2_ws/install/latency_interfaces/local/lib/python3.10/dist-packages/latency_interfaces/latency_interfaces_s__rosidl_typesupport_fastrtps_c.cpython-310-x86_64-linux-gnu.so
[0.408s] -- Up-to-date: /root/ros2_ws/install/latency_interfaces/local/lib/python3.10/dist-packages/latency_interfaces/liblatency_interfaces__rosidl_generator_py.so
[0.408s] -- Up-to-date: /root/ros2_ws/install/latency_interfaces/local/lib/python3.10/dist-packages/latency_interfaces/_latency_interfaces_s.ep.rosidl_typesupport_introspection_c.c
[0.408s] -- Up-to-date: /root/ros2_ws/install/latency_interfaces/local/lib/python3.10/dist-packages/latency_interfaces/_latency_interfaces_s.ep.rosidl_typesupport_fastrtps_c.c
[0.408s] -- Up-to-date: /root/ros2_ws/install/latency_interfaces/local/lib/python3.10/dist-packages/latency_interfaces/_latency_interfaces_s.ep.rosidl_typesupport_c.c
[0.436s] Listing '/root/ros2_ws/install/latency_interfaces/local/lib/python3.10/dist-packages/latency_interfaces'...
[0.436s] Listing '/root/ros2_ws/install/latency_interfaces/local/lib/python3.10/dist-packages/latency_interfaces/msg'...
[0.440s] -- Up-to-date: /root/ros2_ws/install/latency_interfaces/local/lib/python3.10/dist-packages/latency_interfaces/latency_interfaces_s__rosidl_typesupport_fastrtps_c.cpython-310-x86_64-linux-gnu.so
[0.441s] -- Up-to-date: /root/ros2_ws/install/latency_interfaces/local/lib/python3.10/dist-packages/latency_interfaces/latency_interfaces_s__rosidl_typesupport_introspection_c.cpython-310-x86_64-linux-gnu.so
[0.441s] -- Up-to-date: /root/ros2_ws/install/latency_interfaces/local/lib/python3.10/dist-packages/latency_interfaces/latency_interfaces_s__rosidl_typesupport_c.cpython-310-x86_64-linux-gnu.so
[0.442s] -- Up-to-date: /root/ros2_ws/install/latency_interfaces/lib/liblatency_interfaces__rosidl_generator_py.so
[0.442s] -- Up-to-date: /root/ros2_ws/install/latency_interfaces/share/ament_index/resource_index/rust_packages/latency_interfaces
[0.442s] -- Up-to-date: /root/ros2_ws/install/latency_interfaces/share/latency_interfaces/rust
[0.443s] -- Up-to-date: /root/ros2_ws/install/latency_interfaces/share/latency_interfaces/rust/src
[0.443s] -- Up-to-date: /root/ros2_ws/install/latency_interfaces/share/latency_interfaces/rust/src/msg
[0.443s] -- Up-to-date: /root/ros2_ws/install/latency_interfaces/share/latency_interfaces/rust/src/msg/rmw.rs
[0.443s] -- Up-to-date: /root/ros2_ws/install/latency_interfaces/share/latency_interfaces/rust/src/lib.rs
[0.443s] -- Up-to-date: /root/ros2_ws/install/latency_interfaces/share/latency_interfaces/rust/src/msg.rs
[0.443s] -- Up-to-date: /root/ros2_ws/install/latency_interfaces/share/latency_interfaces/rust/build.rs
[0.443s] -- Up-to-date: /root/ros2_ws/install/latency_interfaces/share/latency_interfaces/rust/Cargo.toml
[0.443s] -- Up-to-date: /root/ros2_ws/install/latency_interfaces/share/latency_interfaces/msg/LatencyMsg.idl
[0.444s] -- Up-to-date: /root/ros2_ws/install/latency_interfaces/share/latency_interfaces/msg/LatencyMsg.msg
[0.444s] -- Up-to-date: /root/ros2_ws/install/latency_interfaces/share/ament_index/resource_index/package_run_dependencies/latency_interfaces
[0.444s] -- Up-to-date: /root/ros2_ws/install/latency_interfaces/share/ament_index/resource_index/parent_prefix_path/latency_interfaces
[0.444s] -- Up-to-date: /root/ros2_ws/install/latency_interfaces/share/latency_interfaces/environment/ament_prefix_path.sh
[0.444s] -- Up-to-date: /root/ros2_ws/install/latency_interfaces/share/latency_interfaces/environment/ament_prefix_path.dsv
[0.444s] -- Up-to-date: /root/ros2_ws/install/latency_interfaces/share/latency_interfaces/environment/path.sh
[0.444s] -- Up-to-date: /root/ros2_ws/install/latency_interfaces/share/latency_interfaces/environment/path.dsv
[0.444s] -- Up-to-date: /root/ros2_ws/install/latency_interfaces/share/latency_interfaces/local_setup.bash
[0.445s] -- Up-to-date: /root/ros2_ws/install/latency_interfaces/share/latency_interfaces/local_setup.sh
[0.445s] -- Up-to-date: /root/ros2_ws/install/latency_interfaces/share/latency_interfaces/local_setup.zsh
[0.445s] -- Up-to-date: /root/ros2_ws/install/latency_interfaces/share/latency_interfaces/local_setup.dsv
[0.445s] -- Installing: /root/ros2_ws/install/latency_interfaces/share/latency_interfaces/package.dsv
[0.445s] -- Up-to-date: /root/ros2_ws/install/latency_interfaces/share/ament_index/resource_index/packages/latency_interfaces
[0.446s] -- Up-to-date: /root/ros2_ws/install/latency_interfaces/share/latency_interfaces/cmake/export_latency_interfaces__rosidl_generator_cExport.cmake
[0.446s] -- Up-to-date: /root/ros2_ws/install/latency_interfaces/share/latency_interfaces/cmake/export_latency_interfaces__rosidl_generator_cExport-noconfig.cmake
[0.447s] -- Up-to-date: /root/ros2_ws/install/latency_interfaces/share/latency_interfaces/cmake/export_latency_interfaces__rosidl_typesupport_fastrtps_cExport.cmake
[0.447s] -- Up-to-date: /root/ros2_ws/install/latency_interfaces/share/latency_interfaces/cmake/export_latency_interfaces__rosidl_typesupport_fastrtps_cExport-noconfig.cmake
[0.447s] -- Up-to-date: /root/ros2_ws/install/latency_interfaces/share/latency_interfaces/cmake/export_latency_interfaces__rosidl_generator_cppExport.cmake
[0.448s] -- Up-to-date: /root/ros2_ws/install/latency_interfaces/share/latency_interfaces/cmake/export_latency_interfaces__rosidl_typesupport_fastrtps_cppExport.cmake
[0.448s] -- Up-to-date: /root/ros2_ws/install/latency_interfaces/share/latency_interfaces/cmake/export_latency_interfaces__rosidl_typesupport_fastrtps_cppExport-noconfig.cmake
[0.448s] -- Up-to-date: /root/ros2_ws/install/latency_interfaces/share/latency_interfaces/cmake/latency_interfaces__rosidl_typesupport_introspection_cExport.cmake
[0.448s] -- Up-to-date: /root/ros2_ws/install/latency_interfaces/share/latency_interfaces/cmake/latency_interfaces__rosidl_typesupport_introspection_cExport-noconfig.cmake
[0.448s] -- Up-to-date: /root/ros2_ws/install/latency_interfaces/share/latency_interfaces/cmake/latency_interfaces__rosidl_typesupport_cExport.cmake
[0.449s] -- Up-to-date: /root/ros2_ws/install/latency_interfaces/share/latency_interfaces/cmake/latency_interfaces__rosidl_typesupport_cExport-noconfig.cmake
[0.449s] -- Up-to-date: /root/ros2_ws/install/latency_interfaces/share/latency_interfaces/cmake/latency_interfaces__rosidl_typesupport_introspection_cppExport.cmake
[0.449s] -- Up-to-date: /root/ros2_ws/install/latency_interfaces/share/latency_interfaces/cmake/latency_interfaces__rosidl_typesupport_introspection_cppExport-noconfig.cmake
[0.449s] -- Up-to-date: /root/ros2_ws/install/latency_interfaces/share/latency_interfaces/cmake/latency_interfaces__rosidl_typesupport_cppExport.cmake
[0.449s] -- Up-to-date: /root/ros2_ws/install/latency_interfaces/share/latency_interfaces/cmake/latency_interfaces__rosidl_typesupport_cppExport-noconfig.cmake
[0.450s] -- Up-to-date: /root/ros2_ws/install/latency_interfaces/share/latency_interfaces/cmake/export_latency_interfaces__rosidl_generator_pyExport.cmake
[0.450s] -- Up-to-date: /root/ros2_ws/install/latency_interfaces/share/latency_interfaces/cmake/export_latency_interfaces__rosidl_generator_pyExport-noconfig.cmake
[0.450s] -- Up-to-date: /root/ros2_ws/install/latency_interfaces/share/latency_interfaces/cmake/rosidl_cmake-extras.cmake
[0.450s] -- Up-to-date: /root/ros2_ws/install/latency_interfaces/share/latency_interfaces/cmake/ament_cmake_export_dependencies-extras.cmake
[0.450s] -- Up-to-date: /root/ros2_ws/install/latency_interfaces/share/latency_interfaces/cmake/ament_cmake_export_include_directories-extras.cmake
[0.450s] -- Up-to-date: /root/ros2_ws/install/latency_interfaces/share/latency_interfaces/cmake/ament_cmake_export_libraries-extras.cmake
[0.450s] -- Up-to-date: /root/ros2_ws/install/latency_interfaces/share/latency_interfaces/cmake/ament_cmake_export_targets-extras.cmake
[0.450s] -- Up-to-date: /root/ros2_ws/install/latency_interfaces/share/latency_interfaces/cmake/rosidl_cmake_export_typesupport_targets-extras.cmake
[0.450s] -- Up-to-date: /root/ros2_ws/install/latency_interfaces/share/latency_interfaces/cmake/rosidl_cmake_export_typesupport_libraries-extras.cmake
[0.451s] -- Up-to-date: /root/ros2_ws/install/latency_interfaces/share/latency_interfaces/cmake/latency_interfacesConfig.cmake
[0.451s] -- Up-to-date: /root/ros2_ws/install/latency_interfaces/share/latency_interfaces/cmake/latency_interfacesConfig-version.cmake
[0.451s] -- Up-to-date: /root/ros2_ws/install/latency_interfaces/share/latency_interfaces/package.xml
[0.453s] Invoked command in '/root/ros2_ws/build/latency_interfaces' returned '0': CMAKE_PREFIX_PATH=${CMAKE_PREFIX_PATH}:/root/ros2_ws/install/latency_test:/opt/ros/humble /usr/bin/cmake --install /root/ros2_ws/build/latency_interfaces
