[0.013s] Invoking command in '/root/ros2_ws/build/latency_interfaces': CMAKE_PREFIX_PATH=/root/ros2_ws/install/latency_test:/opt/ros/humble /usr/bin/cmake /root/ros2_ws/src/latency_interfaces -DCMAKE_INSTALL_PREFIX=/root/ros2_ws/install/latency_interfaces
[0.183s] -- The C compiler identification is GNU 11.4.0
[0.278s] -- The CXX compiler identification is GNU 11.4.0
[0.289s] -- Detecting C compiler ABI info
[0.360s] -- Detecting C compiler ABI info - done
[0.366s] -- Check for working C compiler: /usr/bin/cc - skipped
[0.366s] -- Detecting C compile features
[0.367s] -- Detecting C compile features - done
[0.371s] -- Detecting CXX compiler ABI info
[0.444s] -- Detecting CXX compiler ABI info - done
[0.450s] -- Check for working CXX compiler: /usr/bin/c++ - skipped
[0.451s] -- Detecting CXX compile features
[0.451s] -- Detecting CXX compile features - done
[0.458s] -- Found ament_cmake: 1.3.14 (/opt/ros/humble/share/ament_cmake/cmake)
[0.588s] -- Found Python3: /usr/bin/python3 (found version "3.10.12") found components: Interpreter 
[0.683s] -- Found builtin_interfaces: 1.2.2 (/opt/ros/humble/share/builtin_interfaces/cmake)
[0.728s] -- Found rosidl_generator_c: 3.1.8 (/opt/ros/humble/share/rosidl_generator_c/cmake)
[0.734s] -- Found rosidl_adapter: 3.1.8 (/opt/ros/humble/share/rosidl_adapter/cmake)
[0.745s] -- Found rosidl_generator_cpp: 3.1.8 (/opt/ros/humble/share/rosidl_generator_cpp/cmake)
[0.761s] -- Using all available rosidl_typesupport_c: rosidl_typesupport_fastrtps_c;rosidl_typesupport_introspection_c
[0.780s] -- Using all available rosidl_typesupport_cpp: rosidl_typesupport_fastrtps_cpp;rosidl_typesupport_introspection_cpp
[0.797s] -- Found rosidl_default_generators: 1.2.1 (/opt/ros/humble/share/rosidl_default_generators/cmake)
[1.014s] -- Found ament_cmake_ros: 0.10.0 (/opt/ros/humble/share/ament_cmake_ros/cmake)
[1.268s] -- Using all available rosidl_typesupport_c: rosidl_typesupport_fastrtps_c;rosidl_typesupport_introspection_c
[1.365s] -- Using all available rosidl_typesupport_cpp: rosidl_typesupport_fastrtps_cpp;rosidl_typesupport_introspection_cpp
[1.384s] -- Found PythonInterp: /usr/bin/python3 (found suitable version "3.10.12", minimum required is "3.6") 
[1.386s] -- Found python_cmake_module: 0.10.0 (/opt/ros/humble/share/python_cmake_module/cmake)
[1.408s] -- Found PythonLibs: /usr/lib/x86_64-linux-gnu/libpython3.10.so (found suitable version "3.10.12", minimum required is "3.5") 
[1.408s] -- Using PYTHON_EXECUTABLE: /usr/bin/python3
[1.408s] -- Using PYTHON_INCLUDE_DIRS: /usr/include/python3.10
[1.408s] -- Using PYTHON_LIBRARIES: /usr/lib/x86_64-linux-gnu/libpython3.10.so
[1.426s] -- Found PythonExtra: .so  
[1.520s] -- Configuring done
[1.551s] -- Generating done
[1.560s] -- Build files have been written to: /root/ros2_ws/build/latency_interfaces
[1.565s] Invoked command in '/root/ros2_ws/build/latency_interfaces' returned '0': CMAKE_PREFIX_PATH=/root/ros2_ws/install/latency_test:/opt/ros/humble /usr/bin/cmake /root/ros2_ws/src/latency_interfaces -DCMAKE_INSTALL_PREFIX=/root/ros2_ws/install/latency_interfaces
[1.568s] Invoking command in '/root/ros2_ws/build/latency_interfaces': CMAKE_PREFIX_PATH=/root/ros2_ws/install/latency_test:/opt/ros/humble /usr/bin/cmake --build /root/ros2_ws/build/latency_interfaces -- -j16 -l16
[1.604s] [  3%] [34m[1mGenerating C code for ROS interfaces[0m
[1.613s] [  6%] [34m[1mGenerating C++ code for ROS interfaces[0m
[1.614s] [  9%] [34m[1mGenerating Rust code for ROS interfaces[0m
[1.620s] [  9%] Built target ament_cmake_python_copy_latency_interfaces
[1.782s] [  9%] Built target latency_interfaces__rs
[1.794s] [  9%] Built target latency_interfaces__cpp
[1.795s] [ 12%] [32mBuilding C object CMakeFiles/latency_interfaces__rosidl_generator_c.dir/rosidl_generator_c/latency_interfaces/msg/detail/latency_msg__functions.c.o[0m
[1.801s] running egg_info
[1.802s] creating latency_interfaces.egg-info
[1.802s] writing latency_interfaces.egg-info/PKG-INFO
[1.802s] writing dependency_links to latency_interfaces.egg-info/dependency_links.txt
[1.802s] writing top-level names to latency_interfaces.egg-info/top_level.txt
[1.802s] writing manifest file 'latency_interfaces.egg-info/SOURCES.txt'
[1.804s] [ 15%] [34m[1mGenerating C++ type support dispatch for ROS interfaces[0m
[1.804s] reading manifest file 'latency_interfaces.egg-info/SOURCES.txt'
[1.804s] [ 18%] [34m[1mGenerating C++ introspection for ROS interfaces[0m
[1.804s] writing manifest file 'latency_interfaces.egg-info/SOURCES.txt'
[1.804s] [ 21%] [34m[1mGenerating C++ type support for eProsima Fast-RTPS[0m
[1.823s] [ 21%] Built target ament_cmake_python_build_latency_interfaces_egg
[1.860s] [ 25%] [32m[1mLinking C shared library liblatency_interfaces__rosidl_generator_c.so[0m
[1.892s] [ 25%] Built target latency_interfaces__rosidl_generator_c
[1.901s] [ 28%] [34m[1mGenerating C type support for eProsima Fast-RTPS[0m
[1.901s] [ 31%] [34m[1mGenerating C introspection for ROS interfaces[0m
[1.903s] [ 34%] [34m[1mGenerating C type support dispatch for ROS interfaces[0m
[1.966s] [ 37%] [32mBuilding CXX object CMakeFiles/latency_interfaces__rosidl_typesupport_cpp.dir/rosidl_typesupport_cpp/latency_interfaces/msg/latency_msg__type_support.cpp.o[0m
[1.977s] [ 40%] [32mBuilding CXX object CMakeFiles/latency_interfaces__rosidl_typesupport_introspection_cpp.dir/rosidl_typesupport_introspection_cpp/latency_interfaces/msg/detail/latency_msg__type_support.cpp.o[0m
[1.985s] [ 43%] [32mBuilding CXX object CMakeFiles/latency_interfaces__rosidl_typesupport_fastrtps_cpp.dir/rosidl_typesupport_fastrtps_cpp/latency_interfaces/msg/detail/dds_fastrtps/latency_msg__type_support.cpp.o[0m
[2.066s] [ 46%] [32mBuilding CXX object CMakeFiles/latency_interfaces__rosidl_typesupport_c.dir/rosidl_typesupport_c/latency_interfaces/msg/latency_msg__type_support.cpp.o[0m
[2.084s] [ 50%] [32mBuilding C object CMakeFiles/latency_interfaces__rosidl_typesupport_introspection_c.dir/rosidl_typesupport_introspection_c/latency_interfaces/msg/detail/latency_msg__type_support.c.o[0m
[2.087s] [ 53%] [32mBuilding CXX object CMakeFiles/latency_interfaces__rosidl_typesupport_fastrtps_c.dir/rosidl_typesupport_fastrtps_c/latency_interfaces/msg/detail/latency_msg__type_support_c.cpp.o[0m
[2.094s] [ 56%] [32m[1mLinking CXX shared library liblatency_interfaces__rosidl_typesupport_c.so[0m
[2.118s] [ 59%] [32m[1mLinking C shared library liblatency_interfaces__rosidl_typesupport_introspection_c.so[0m
[2.130s] [ 59%] Built target latency_interfaces__rosidl_typesupport_c
[2.146s] [ 59%] Built target latency_interfaces__rosidl_typesupport_introspection_c
[2.201s] [ 62%] [32m[1mLinking CXX shared library liblatency_interfaces__rosidl_typesupport_cpp.so[0m
[2.239s] [ 62%] Built target latency_interfaces__rosidl_typesupport_cpp
[2.317s] [ 65%] [32m[1mLinking CXX shared library liblatency_interfaces__rosidl_typesupport_introspection_cpp.so[0m
[2.328s] [ 68%] [32m[1mLinking CXX shared library liblatency_interfaces__rosidl_typesupport_fastrtps_cpp.so[0m
[2.340s] [ 71%] [32m[1mLinking CXX shared library liblatency_interfaces__rosidl_typesupport_fastrtps_c.so[0m
[2.375s] [ 71%] Built target latency_interfaces__rosidl_typesupport_introspection_cpp
[2.387s] [ 71%] Built target latency_interfaces__rosidl_typesupport_fastrtps_cpp
[2.399s] [ 71%] Built target latency_interfaces__rosidl_typesupport_fastrtps_c
[2.417s] [ 71%] Built target latency_interfaces
[2.435s] [ 75%] [34m[1mGenerating Python code for ROS interfaces[0m
[2.652s] [ 75%] Built target latency_interfaces__py
[2.670s] [ 78%] [32mBuilding C object CMakeFiles/latency_interfaces__rosidl_generator_py.dir/rosidl_generator_py/latency_interfaces/msg/_latency_msg_s.c.o[0m
[2.781s] [ 81%] [32m[1mLinking C shared library rosidl_generator_py/latency_interfaces/liblatency_interfaces__rosidl_generator_py.so[0m
[2.815s] [ 81%] Built target latency_interfaces__rosidl_generator_py
[2.833s] [ 84%] [32mBuilding C object CMakeFiles/latency_interfaces__rosidl_typesupport_introspection_c__pyext.dir/rosidl_generator_py/latency_interfaces/_latency_interfaces_s.ep.rosidl_typesupport_introspection_c.c.o[0m
[2.833s] [ 87%] [32mBuilding C object CMakeFiles/latency_interfaces__rosidl_typesupport_c__pyext.dir/rosidl_generator_py/latency_interfaces/_latency_interfaces_s.ep.rosidl_typesupport_c.c.o[0m
[2.834s] [ 90%] [32mBuilding C object CMakeFiles/latency_interfaces__rosidl_typesupport_fastrtps_c__pyext.dir/rosidl_generator_py/latency_interfaces/_latency_interfaces_s.ep.rosidl_typesupport_fastrtps_c.c.o[0m
[2.919s] [ 93%] [32m[1mLinking C shared library rosidl_generator_py/latency_interfaces/latency_interfaces_s__rosidl_typesupport_c.cpython-310-x86_64-linux-gnu.so[0m
[2.920s] [ 96%] [32m[1mLinking C shared library rosidl_generator_py/latency_interfaces/latency_interfaces_s__rosidl_typesupport_fastrtps_c.cpython-310-x86_64-linux-gnu.so[0m
[2.924s] [100%] [32m[1mLinking C shared library rosidl_generator_py/latency_interfaces/latency_interfaces_s__rosidl_typesupport_introspection_c.cpython-310-x86_64-linux-gnu.so[0m
[2.953s] [100%] Built target latency_interfaces__rosidl_typesupport_fastrtps_c__pyext
[2.953s] [100%] Built target latency_interfaces__rosidl_typesupport_c__pyext
[2.956s] [100%] Built target latency_interfaces__rosidl_typesupport_introspection_c__pyext
[2.967s] Invoked command in '/root/ros2_ws/build/latency_interfaces' returned '0': CMAKE_PREFIX_PATH=/root/ros2_ws/install/latency_test:/opt/ros/humble /usr/bin/cmake --build /root/ros2_ws/build/latency_interfaces -- -j16 -l16
[2.974s] Invoking command in '/root/ros2_ws/build/latency_interfaces': CMAKE_PREFIX_PATH=/root/ros2_ws/install/latency_test:/opt/ros/humble /usr/bin/cmake --install /root/ros2_ws/build/latency_interfaces
[2.981s] -- Install configuration: ""
[2.981s] -- Installing: /root/ros2_ws/install/latency_interfaces/share/ament_index/resource_index/rosidl_interfaces/latency_interfaces
[2.982s] -- Installing: /root/ros2_ws/install/latency_interfaces/include/latency_interfaces/latency_interfaces
[2.982s] -- Installing: /root/ros2_ws/install/latency_interfaces/include/latency_interfaces/latency_interfaces/msg
[2.982s] -- Installing: /root/ros2_ws/install/latency_interfaces/include/latency_interfaces/latency_interfaces/msg/detail
[2.982s] -- Installing: /root/ros2_ws/install/latency_interfaces/include/latency_interfaces/latency_interfaces/msg/detail/latency_msg__functions.h
[2.982s] -- Installing: /root/ros2_ws/install/latency_interfaces/include/latency_interfaces/latency_interfaces/msg/detail/latency_msg__functions.c
[2.982s] -- Installing: /root/ros2_ws/install/latency_interfaces/include/latency_interfaces/latency_interfaces/msg/detail/latency_msg__type_support.h
[2.982s] -- Installing: /root/ros2_ws/install/latency_interfaces/include/latency_interfaces/latency_interfaces/msg/detail/latency_msg__struct.h
[2.983s] -- Installing: /root/ros2_ws/install/latency_interfaces/include/latency_interfaces/latency_interfaces/msg/rosidl_generator_c__visibility_control.h
[2.983s] -- Installing: /root/ros2_ws/install/latency_interfaces/include/latency_interfaces/latency_interfaces/msg/latency_msg.h
[2.983s] -- Installing: /root/ros2_ws/install/latency_interfaces/share/latency_interfaces/environment/library_path.sh
[2.983s] -- Installing: /root/ros2_ws/install/latency_interfaces/share/latency_interfaces/environment/library_path.dsv
[2.983s] -- Installing: /root/ros2_ws/install/latency_interfaces/lib/liblatency_interfaces__rosidl_generator_c.so
[2.984s] -- Set runtime path of "/root/ros2_ws/install/latency_interfaces/lib/liblatency_interfaces__rosidl_generator_c.so" to ""
[2.984s] -- Up-to-date: /root/ros2_ws/install/latency_interfaces/include/latency_interfaces/latency_interfaces
[2.984s] -- Up-to-date: /root/ros2_ws/install/latency_interfaces/include/latency_interfaces/latency_interfaces/msg
[2.984s] -- Up-to-date: /root/ros2_ws/install/latency_interfaces/include/latency_interfaces/latency_interfaces/msg/detail
[2.984s] -- Installing: /root/ros2_ws/install/latency_interfaces/include/latency_interfaces/latency_interfaces/msg/detail/latency_msg__rosidl_typesupport_fastrtps_c.h
[2.984s] -- Installing: /root/ros2_ws/install/latency_interfaces/include/latency_interfaces/latency_interfaces/msg/rosidl_typesupport_fastrtps_c__visibility_control.h
[2.984s] -- Installing: /root/ros2_ws/install/latency_interfaces/lib/liblatency_interfaces__rosidl_typesupport_fastrtps_c.so
[2.985s] -- Set runtime path of "/root/ros2_ws/install/latency_interfaces/lib/liblatency_interfaces__rosidl_typesupport_fastrtps_c.so" to ""
[2.985s] -- Up-to-date: /root/ros2_ws/install/latency_interfaces/include/latency_interfaces/latency_interfaces
[2.985s] -- Up-to-date: /root/ros2_ws/install/latency_interfaces/include/latency_interfaces/latency_interfaces/msg
[2.985s] -- Installing: /root/ros2_ws/install/latency_interfaces/include/latency_interfaces/latency_interfaces/msg/latency_msg.hpp
[2.985s] -- Installing: /root/ros2_ws/install/latency_interfaces/include/latency_interfaces/latency_interfaces/msg/rosidl_generator_cpp__visibility_control.hpp
[2.985s] -- Up-to-date: /root/ros2_ws/install/latency_interfaces/include/latency_interfaces/latency_interfaces/msg/detail
[2.985s] -- Installing: /root/ros2_ws/install/latency_interfaces/include/latency_interfaces/latency_interfaces/msg/detail/latency_msg__type_support.hpp
[2.985s] -- Installing: /root/ros2_ws/install/latency_interfaces/include/latency_interfaces/latency_interfaces/msg/detail/latency_msg__builder.hpp
[2.986s] -- Installing: /root/ros2_ws/install/latency_interfaces/include/latency_interfaces/latency_interfaces/msg/detail/latency_msg__traits.hpp
[2.986s] -- Installing: /root/ros2_ws/install/latency_interfaces/include/latency_interfaces/latency_interfaces/msg/detail/latency_msg__struct.hpp
[2.986s] -- Up-to-date: /root/ros2_ws/install/latency_interfaces/include/latency_interfaces/latency_interfaces
[2.986s] -- Up-to-date: /root/ros2_ws/install/latency_interfaces/include/latency_interfaces/latency_interfaces/msg
[2.986s] -- Up-to-date: /root/ros2_ws/install/latency_interfaces/include/latency_interfaces/latency_interfaces/msg/detail
[2.986s] -- Installing: /root/ros2_ws/install/latency_interfaces/include/latency_interfaces/latency_interfaces/msg/detail/dds_fastrtps
[2.986s] -- Installing: /root/ros2_ws/install/latency_interfaces/include/latency_interfaces/latency_interfaces/msg/detail/latency_msg__rosidl_typesupport_fastrtps_cpp.hpp
[2.986s] -- Installing: /root/ros2_ws/install/latency_interfaces/include/latency_interfaces/latency_interfaces/msg/rosidl_typesupport_fastrtps_cpp__visibility_control.h
[2.986s] -- Installing: /root/ros2_ws/install/latency_interfaces/lib/liblatency_interfaces__rosidl_typesupport_fastrtps_cpp.so
[2.987s] -- Set runtime path of "/root/ros2_ws/install/latency_interfaces/lib/liblatency_interfaces__rosidl_typesupport_fastrtps_cpp.so" to ""
[2.987s] -- Up-to-date: /root/ros2_ws/install/latency_interfaces/include/latency_interfaces/latency_interfaces
[2.987s] -- Up-to-date: /root/ros2_ws/install/latency_interfaces/include/latency_interfaces/latency_interfaces/msg
[2.987s] -- Installing: /root/ros2_ws/install/latency_interfaces/include/latency_interfaces/latency_interfaces/msg/rosidl_typesupport_introspection_c__visibility_control.h
[2.987s] -- Up-to-date: /root/ros2_ws/install/latency_interfaces/include/latency_interfaces/latency_interfaces/msg/detail
[2.987s] -- Installing: /root/ros2_ws/install/latency_interfaces/include/latency_interfaces/latency_interfaces/msg/detail/latency_msg__type_support.c
[2.987s] -- Installing: /root/ros2_ws/install/latency_interfaces/include/latency_interfaces/latency_interfaces/msg/detail/latency_msg__rosidl_typesupport_introspection_c.h
[2.988s] -- Installing: /root/ros2_ws/install/latency_interfaces/lib/liblatency_interfaces__rosidl_typesupport_introspection_c.so
[2.988s] -- Set runtime path of "/root/ros2_ws/install/latency_interfaces/lib/liblatency_interfaces__rosidl_typesupport_introspection_c.so" to ""
[2.988s] -- Installing: /root/ros2_ws/install/latency_interfaces/lib/liblatency_interfaces__rosidl_typesupport_c.so
[2.988s] -- Set runtime path of "/root/ros2_ws/install/latency_interfaces/lib/liblatency_interfaces__rosidl_typesupport_c.so" to ""
[2.989s] -- Up-to-date: /root/ros2_ws/install/latency_interfaces/include/latency_interfaces/latency_interfaces
[2.989s] -- Up-to-date: /root/ros2_ws/install/latency_interfaces/include/latency_interfaces/latency_interfaces/msg
[2.989s] -- Up-to-date: /root/ros2_ws/install/latency_interfaces/include/latency_interfaces/latency_interfaces/msg/detail
[2.989s] -- Installing: /root/ros2_ws/install/latency_interfaces/include/latency_interfaces/latency_interfaces/msg/detail/latency_msg__type_support.cpp
[2.989s] -- Installing: /root/ros2_ws/install/latency_interfaces/include/latency_interfaces/latency_interfaces/msg/detail/latency_msg__rosidl_typesupport_introspection_cpp.hpp
[2.989s] -- Installing: /root/ros2_ws/install/latency_interfaces/lib/liblatency_interfaces__rosidl_typesupport_introspection_cpp.so
[2.989s] -- Set runtime path of "/root/ros2_ws/install/latency_interfaces/lib/liblatency_interfaces__rosidl_typesupport_introspection_cpp.so" to ""
[2.989s] -- Installing: /root/ros2_ws/install/latency_interfaces/lib/liblatency_interfaces__rosidl_typesupport_cpp.so
[2.990s] -- Set runtime path of "/root/ros2_ws/install/latency_interfaces/lib/liblatency_interfaces__rosidl_typesupport_cpp.so" to ""
[2.990s] -- Installing: /root/ros2_ws/install/latency_interfaces/share/latency_interfaces/environment/pythonpath.sh
[2.990s] -- Installing: /root/ros2_ws/install/latency_interfaces/share/latency_interfaces/environment/pythonpath.dsv
[2.990s] -- Installing: /root/ros2_ws/install/latency_interfaces/local/lib/python3.10/dist-packages/latency_interfaces-0.0.0-py3.10.egg-info
[2.990s] -- Installing: /root/ros2_ws/install/latency_interfaces/local/lib/python3.10/dist-packages/latency_interfaces-0.0.0-py3.10.egg-info/top_level.txt
[2.991s] -- Installing: /root/ros2_ws/install/latency_interfaces/local/lib/python3.10/dist-packages/latency_interfaces-0.0.0-py3.10.egg-info/SOURCES.txt
[2.991s] -- Installing: /root/ros2_ws/install/latency_interfaces/local/lib/python3.10/dist-packages/latency_interfaces-0.0.0-py3.10.egg-info/PKG-INFO
[2.991s] -- Installing: /root/ros2_ws/install/latency_interfaces/local/lib/python3.10/dist-packages/latency_interfaces-0.0.0-py3.10.egg-info/dependency_links.txt
[2.991s] -- Installing: /root/ros2_ws/install/latency_interfaces/local/lib/python3.10/dist-packages/latency_interfaces
[2.991s] -- Installing: /root/ros2_ws/install/latency_interfaces/local/lib/python3.10/dist-packages/latency_interfaces/msg
[2.991s] -- Installing: /root/ros2_ws/install/latency_interfaces/local/lib/python3.10/dist-packages/latency_interfaces/msg/__init__.py
[2.991s] -- Installing: /root/ros2_ws/install/latency_interfaces/local/lib/python3.10/dist-packages/latency_interfaces/msg/_latency_msg.py
[2.992s] -- Installing: /root/ros2_ws/install/latency_interfaces/local/lib/python3.10/dist-packages/latency_interfaces/msg/_latency_msg_s.c
[2.992s] -- Installing: /root/ros2_ws/install/latency_interfaces/local/lib/python3.10/dist-packages/latency_interfaces/__init__.py
[2.992s] -- Installing: /root/ros2_ws/install/latency_interfaces/local/lib/python3.10/dist-packages/latency_interfaces/latency_interfaces_s__rosidl_typesupport_introspection_c.cpython-310-x86_64-linux-gnu.so
[2.992s] -- Installing: /root/ros2_ws/install/latency_interfaces/local/lib/python3.10/dist-packages/latency_interfaces/latency_interfaces_s__rosidl_typesupport_c.cpython-310-x86_64-linux-gnu.so
[2.992s] -- Installing: /root/ros2_ws/install/latency_interfaces/local/lib/python3.10/dist-packages/latency_interfaces/latency_interfaces_s__rosidl_typesupport_fastrtps_c.cpython-310-x86_64-linux-gnu.so
[2.992s] -- Installing: /root/ros2_ws/install/latency_interfaces/local/lib/python3.10/dist-packages/latency_interfaces/liblatency_interfaces__rosidl_generator_py.so
[2.993s] -- Installing: /root/ros2_ws/install/latency_interfaces/local/lib/python3.10/dist-packages/latency_interfaces/_latency_interfaces_s.ep.rosidl_typesupport_introspection_c.c
[2.993s] -- Installing: /root/ros2_ws/install/latency_interfaces/local/lib/python3.10/dist-packages/latency_interfaces/_latency_interfaces_s.ep.rosidl_typesupport_fastrtps_c.c
[2.993s] -- Installing: /root/ros2_ws/install/latency_interfaces/local/lib/python3.10/dist-packages/latency_interfaces/_latency_interfaces_s.ep.rosidl_typesupport_c.c
[3.021s] Listing '/root/ros2_ws/install/latency_interfaces/local/lib/python3.10/dist-packages/latency_interfaces'...
[3.021s] Compiling '/root/ros2_ws/install/latency_interfaces/local/lib/python3.10/dist-packages/latency_interfaces/__init__.py'...
[3.021s] Listing '/root/ros2_ws/install/latency_interfaces/local/lib/python3.10/dist-packages/latency_interfaces/msg'...
[3.021s] Compiling '/root/ros2_ws/install/latency_interfaces/local/lib/python3.10/dist-packages/latency_interfaces/msg/__init__.py'...
[3.021s] Compiling '/root/ros2_ws/install/latency_interfaces/local/lib/python3.10/dist-packages/latency_interfaces/msg/_latency_msg.py'...
[3.024s] -- Installing: /root/ros2_ws/install/latency_interfaces/local/lib/python3.10/dist-packages/latency_interfaces/latency_interfaces_s__rosidl_typesupport_fastrtps_c.cpython-310-x86_64-linux-gnu.so
[3.024s] -- Set runtime path of "/root/ros2_ws/install/latency_interfaces/local/lib/python3.10/dist-packages/latency_interfaces/latency_interfaces_s__rosidl_typesupport_fastrtps_c.cpython-310-x86_64-linux-gnu.so" to ""
[3.025s] -- Installing: /root/ros2_ws/install/latency_interfaces/local/lib/python3.10/dist-packages/latency_interfaces/latency_interfaces_s__rosidl_typesupport_introspection_c.cpython-310-x86_64-linux-gnu.so
[3.025s] -- Set runtime path of "/root/ros2_ws/install/latency_interfaces/local/lib/python3.10/dist-packages/latency_interfaces/latency_interfaces_s__rosidl_typesupport_introspection_c.cpython-310-x86_64-linux-gnu.so" to ""
[3.025s] -- Installing: /root/ros2_ws/install/latency_interfaces/local/lib/python3.10/dist-packages/latency_interfaces/latency_interfaces_s__rosidl_typesupport_c.cpython-310-x86_64-linux-gnu.so
[3.026s] -- Set runtime path of "/root/ros2_ws/install/latency_interfaces/local/lib/python3.10/dist-packages/latency_interfaces/latency_interfaces_s__rosidl_typesupport_c.cpython-310-x86_64-linux-gnu.so" to ""
[3.026s] -- Installing: /root/ros2_ws/install/latency_interfaces/lib/liblatency_interfaces__rosidl_generator_py.so
[3.026s] -- Set runtime path of "/root/ros2_ws/install/latency_interfaces/lib/liblatency_interfaces__rosidl_generator_py.so" to ""
[3.027s] -- Installing: /root/ros2_ws/install/latency_interfaces/share/ament_index/resource_index/rust_packages/latency_interfaces
[3.027s] -- Installing: /root/ros2_ws/install/latency_interfaces/share/latency_interfaces/rust
[3.027s] -- Installing: /root/ros2_ws/install/latency_interfaces/share/latency_interfaces/rust/src
[3.027s] -- Installing: /root/ros2_ws/install/latency_interfaces/share/latency_interfaces/rust/src/msg
[3.027s] -- Installing: /root/ros2_ws/install/latency_interfaces/share/latency_interfaces/rust/src/msg/rmw.rs
[3.027s] -- Installing: /root/ros2_ws/install/latency_interfaces/share/latency_interfaces/rust/src/lib.rs
[3.027s] -- Installing: /root/ros2_ws/install/latency_interfaces/share/latency_interfaces/rust/src/msg.rs
[3.027s] -- Installing: /root/ros2_ws/install/latency_interfaces/share/latency_interfaces/rust/build.rs
[3.028s] -- Installing: /root/ros2_ws/install/latency_interfaces/share/latency_interfaces/rust/Cargo.toml
[3.028s] -- Installing: /root/ros2_ws/install/latency_interfaces/share/latency_interfaces/msg/LatencyMsg.idl
[3.028s] -- Installing: /root/ros2_ws/install/latency_interfaces/share/latency_interfaces/msg/LatencyMsg.msg
[3.028s] -- Installing: /root/ros2_ws/install/latency_interfaces/share/ament_index/resource_index/package_run_dependencies/latency_interfaces
[3.028s] -- Installing: /root/ros2_ws/install/latency_interfaces/share/ament_index/resource_index/parent_prefix_path/latency_interfaces
[3.029s] -- Installing: /root/ros2_ws/install/latency_interfaces/share/latency_interfaces/environment/ament_prefix_path.sh
[3.029s] -- Installing: /root/ros2_ws/install/latency_interfaces/share/latency_interfaces/environment/ament_prefix_path.dsv
[3.029s] -- Installing: /root/ros2_ws/install/latency_interfaces/share/latency_interfaces/environment/path.sh
[3.029s] -- Installing: /root/ros2_ws/install/latency_interfaces/share/latency_interfaces/environment/path.dsv
[3.029s] -- Installing: /root/ros2_ws/install/latency_interfaces/share/latency_interfaces/local_setup.bash
[3.029s] -- Installing: /root/ros2_ws/install/latency_interfaces/share/latency_interfaces/local_setup.sh
[3.030s] -- Installing: /root/ros2_ws/install/latency_interfaces/share/latency_interfaces/local_setup.zsh
[3.030s] -- Installing: /root/ros2_ws/install/latency_interfaces/share/latency_interfaces/local_setup.dsv
[3.030s] -- Installing: /root/ros2_ws/install/latency_interfaces/share/latency_interfaces/package.dsv
[3.030s] -- Installing: /root/ros2_ws/install/latency_interfaces/share/ament_index/resource_index/packages/latency_interfaces
[3.030s] -- Installing: /root/ros2_ws/install/latency_interfaces/share/latency_interfaces/cmake/export_latency_interfaces__rosidl_generator_cExport.cmake
[3.031s] -- Installing: /root/ros2_ws/install/latency_interfaces/share/latency_interfaces/cmake/export_latency_interfaces__rosidl_generator_cExport-noconfig.cmake
[3.031s] -- Installing: /root/ros2_ws/install/latency_interfaces/share/latency_interfaces/cmake/export_latency_interfaces__rosidl_typesupport_fastrtps_cExport.cmake
[3.031s] -- Installing: /root/ros2_ws/install/latency_interfaces/share/latency_interfaces/cmake/export_latency_interfaces__rosidl_typesupport_fastrtps_cExport-noconfig.cmake
[3.031s] -- Installing: /root/ros2_ws/install/latency_interfaces/share/latency_interfaces/cmake/export_latency_interfaces__rosidl_generator_cppExport.cmake
[3.031s] -- Installing: /root/ros2_ws/install/latency_interfaces/share/latency_interfaces/cmake/export_latency_interfaces__rosidl_typesupport_fastrtps_cppExport.cmake
[3.031s] -- Installing: /root/ros2_ws/install/latency_interfaces/share/latency_interfaces/cmake/export_latency_interfaces__rosidl_typesupport_fastrtps_cppExport-noconfig.cmake
[3.032s] -- Installing: /root/ros2_ws/install/latency_interfaces/share/latency_interfaces/cmake/latency_interfaces__rosidl_typesupport_introspection_cExport.cmake
[3.032s] -- Installing: /root/ros2_ws/install/latency_interfaces/share/latency_interfaces/cmake/latency_interfaces__rosidl_typesupport_introspection_cExport-noconfig.cmake
[3.032s] -- Installing: /root/ros2_ws/install/latency_interfaces/share/latency_interfaces/cmake/latency_interfaces__rosidl_typesupport_cExport.cmake
[3.032s] -- Installing: /root/ros2_ws/install/latency_interfaces/share/latency_interfaces/cmake/latency_interfaces__rosidl_typesupport_cExport-noconfig.cmake
[3.032s] -- Installing: /root/ros2_ws/install/latency_interfaces/share/latency_interfaces/cmake/latency_interfaces__rosidl_typesupport_introspection_cppExport.cmake
[3.033s] -- Installing: /root/ros2_ws/install/latency_interfaces/share/latency_interfaces/cmake/latency_interfaces__rosidl_typesupport_introspection_cppExport-noconfig.cmake
[3.033s] -- Installing: /root/ros2_ws/install/latency_interfaces/share/latency_interfaces/cmake/latency_interfaces__rosidl_typesupport_cppExport.cmake
[3.033s] -- Installing: /root/ros2_ws/install/latency_interfaces/share/latency_interfaces/cmake/latency_interfaces__rosidl_typesupport_cppExport-noconfig.cmake
[3.033s] -- Installing: /root/ros2_ws/install/latency_interfaces/share/latency_interfaces/cmake/export_latency_interfaces__rosidl_generator_pyExport.cmake
[3.033s] -- Installing: /root/ros2_ws/install/latency_interfaces/share/latency_interfaces/cmake/export_latency_interfaces__rosidl_generator_pyExport-noconfig.cmake
[3.034s] -- Installing: /root/ros2_ws/install/latency_interfaces/share/latency_interfaces/cmake/rosidl_cmake-extras.cmake
[3.034s] -- Installing: /root/ros2_ws/install/latency_interfaces/share/latency_interfaces/cmake/ament_cmake_export_dependencies-extras.cmake
[3.034s] -- Installing: /root/ros2_ws/install/latency_interfaces/share/latency_interfaces/cmake/ament_cmake_export_include_directories-extras.cmake
[3.034s] -- Installing: /root/ros2_ws/install/latency_interfaces/share/latency_interfaces/cmake/ament_cmake_export_libraries-extras.cmake
[3.034s] -- Installing: /root/ros2_ws/install/latency_interfaces/share/latency_interfaces/cmake/ament_cmake_export_targets-extras.cmake
[3.034s] -- Installing: /root/ros2_ws/install/latency_interfaces/share/latency_interfaces/cmake/rosidl_cmake_export_typesupport_targets-extras.cmake
[3.035s] -- Installing: /root/ros2_ws/install/latency_interfaces/share/latency_interfaces/cmake/rosidl_cmake_export_typesupport_libraries-extras.cmake
[3.035s] -- Installing: /root/ros2_ws/install/latency_interfaces/share/latency_interfaces/cmake/latency_interfacesConfig.cmake
[3.035s] -- Installing: /root/ros2_ws/install/latency_interfaces/share/latency_interfaces/cmake/latency_interfacesConfig-version.cmake
[3.035s] -- Installing: /root/ros2_ws/install/latency_interfaces/share/latency_interfaces/package.xml
[3.037s] Invoked command in '/root/ros2_ws/build/latency_interfaces' returned '0': CMAKE_PREFIX_PATH=/root/ros2_ws/install/latency_test:/opt/ros/humble /usr/bin/cmake --install /root/ros2_ws/build/latency_interfaces
