[0.096s] DEBUG:colcon:Command line arguments: ['/usr/bin/colcon', 'build']
[0.096s] DEBUG:colcon:Parsed command line arguments: Namespace(log_base=None, log_level=None, verb_name='build', build_base='build', install_base='install', merge_install=False, symlink_install=False, test_result_base=None, continue_on_error=False, executor='parallel', parallel_workers=16, event_handlers=None, ignore_user_meta=False, metas=['./colcon.meta'], base_paths=['.'], packages_ignore=None, packages_ignore_regex=None, paths=None, packages_up_to=None, packages_up_to_regex=None, packages_above=None, packages_above_and_dependencies=None, packages_above_depth=None, packages_select_by_dep=None, packages_skip_by_dep=None, packages_skip_up_to=None, packages_select_build_failed=False, packages_skip_build_finished=False, packages_select_test_failures=False, packages_skip_test_passed=False, packages_select=None, packages_skip=None, packages_select_regex=None, packages_skip_regex=None, packages_start=None, packages_end=None, cmake_args=None, cmake_target=None, cmake_target_skip_unavailable=False, cmake_clean_cache=False, cmake_clean_first=False, cmake_force_configure=False, ament_cmake_args=None, catkin_cmake_args=None, catkin_skip_building_tests=False, mixin_files=None, mixin=None, verb_parser=<colcon_mixin.mixin.mixin_argument.MixinArgumentDecorator object at 0x7fb6ff87fb50>, verb_extension=<colcon_core.verb.build.BuildVerb object at 0x7fb6ff87f190>, main=<bound method BuildVerb.main of <colcon_core.verb.build.BuildVerb object at 0x7fb6ff87f190>>, mixin_verb=('build',))
[0.213s] Level 1:colcon.colcon_core.package_discovery:discover_packages(colcon_meta) check parameters
[0.214s] INFO:colcon.colcon_metadata.package_discovery.colcon_meta:Using configuration from '/root/.colcon/metadata/default/Gazebo.meta'
[0.214s] INFO:colcon.colcon_metadata.package_discovery.colcon_meta:Using configuration from '/root/.colcon/metadata/default/fastdds.meta'
[0.214s] INFO:colcon.colcon_metadata.package_discovery.colcon_meta:Using configuration from '/root/.colcon/metadata/default/fastrtps.meta'
[0.215s] Level 1:colcon.colcon_core.package_discovery:discover_packages(recursive) check parameters
[0.215s] Level 1:colcon.colcon_core.package_discovery:discover_packages(ignore) check parameters
[0.215s] Level 1:colcon.colcon_core.package_discovery:discover_packages(path) check parameters
[0.215s] Level 1:colcon.colcon_core.package_discovery:discover_packages(colcon_meta) discover
[0.215s] Level 1:colcon.colcon_core.package_discovery:discover_packages(recursive) discover
[0.215s] INFO:colcon.colcon_core.package_discovery:Crawling recursively for packages in '/root/ros2_ws'
[0.215s] Level 1:colcon.colcon_core.package_identification:_identify(.) by extensions ['ignore', 'ignore_ament_install']
[0.215s] Level 1:colcon.colcon_core.package_identification:_identify(.) by extension 'ignore'
[0.215s] Level 1:colcon.colcon_core.package_identification:_identify(.) by extension 'ignore_ament_install'
[0.215s] Level 1:colcon.colcon_core.package_identification:_identify(.) by extensions ['colcon_pkg']
[0.215s] Level 1:colcon.colcon_core.package_identification:_identify(.) by extension 'colcon_pkg'
[0.215s] Level 1:colcon.colcon_core.package_identification:_identify(.) by extensions ['colcon_meta']
[0.215s] Level 1:colcon.colcon_core.package_identification:_identify(.) by extension 'colcon_meta'
[0.215s] Level 1:colcon.colcon_core.package_identification:_identify(.) by extensions ['ros']
[0.215s] Level 1:colcon.colcon_core.package_identification:_identify(.) by extension 'ros'
[0.224s] Level 1:colcon.colcon_core.package_identification:_identify(.) by extensions ['cmake', 'python']
[0.224s] Level 1:colcon.colcon_core.package_identification:_identify(.) by extension 'cmake'
[0.224s] Level 1:colcon.colcon_core.package_identification:_identify(.) by extension 'python'
[0.224s] Level 1:colcon.colcon_core.package_identification:_identify(.) by extensions ['python_setup_py']
[0.224s] Level 1:colcon.colcon_core.package_identification:_identify(.) by extension 'python_setup_py'
[0.224s] Level 1:colcon.colcon_core.package_identification:_identify(DDS) by extensions ['ignore', 'ignore_ament_install']
[0.224s] Level 1:colcon.colcon_core.package_identification:_identify(DDS) by extension 'ignore'
[0.224s] Level 1:colcon.colcon_core.package_identification:_identify(DDS) by extension 'ignore_ament_install'
[0.224s] Level 1:colcon.colcon_core.package_identification:_identify(DDS) by extensions ['colcon_pkg']
[0.224s] Level 1:colcon.colcon_core.package_identification:_identify(DDS) by extension 'colcon_pkg'
[0.224s] Level 1:colcon.colcon_core.package_identification:_identify(DDS) by extensions ['colcon_meta']
[0.224s] Level 1:colcon.colcon_core.package_identification:_identify(DDS) by extension 'colcon_meta'
[0.224s] Level 1:colcon.colcon_core.package_identification:_identify(DDS) by extensions ['ros']
[0.224s] Level 1:colcon.colcon_core.package_identification:_identify(DDS) by extension 'ros'
[0.224s] Level 1:colcon.colcon_core.package_identification:_identify(DDS) by extensions ['cmake', 'python']
[0.224s] Level 1:colcon.colcon_core.package_identification:_identify(DDS) by extension 'cmake'
[0.224s] Level 1:colcon.colcon_core.package_identification:_identify(DDS) by extension 'python'
[0.224s] Level 1:colcon.colcon_core.package_identification:_identify(DDS) by extensions ['python_setup_py']
[0.224s] Level 1:colcon.colcon_core.package_identification:_identify(DDS) by extension 'python_setup_py'
[0.224s] Level 1:colcon.colcon_core.package_identification:_identify(DDS/payload_size) by extensions ['ignore', 'ignore_ament_install']
[0.224s] Level 1:colcon.colcon_core.package_identification:_identify(DDS/payload_size) by extension 'ignore'
[0.224s] Level 1:colcon.colcon_core.package_identification:_identify(DDS/payload_size) by extension 'ignore_ament_install'
[0.224s] Level 1:colcon.colcon_core.package_identification:_identify(DDS/payload_size) by extensions ['colcon_pkg']
[0.224s] Level 1:colcon.colcon_core.package_identification:_identify(DDS/payload_size) by extension 'colcon_pkg'
[0.224s] Level 1:colcon.colcon_core.package_identification:_identify(DDS/payload_size) by extensions ['colcon_meta']
[0.225s] Level 1:colcon.colcon_core.package_identification:_identify(DDS/payload_size) by extension 'colcon_meta'
[0.225s] Level 1:colcon.colcon_core.package_identification:_identify(DDS/payload_size) by extensions ['ros']
[0.225s] Level 1:colcon.colcon_core.package_identification:_identify(DDS/payload_size) by extension 'ros'
[0.225s] Level 1:colcon.colcon_core.package_identification:_identify(DDS/payload_size) by extensions ['cmake', 'python']
[0.225s] Level 1:colcon.colcon_core.package_identification:_identify(DDS/payload_size) by extension 'cmake'
[0.225s] Level 1:colcon.colcon_core.package_identification:_identify(DDS/payload_size) by extension 'python'
[0.225s] Level 1:colcon.colcon_core.package_identification:_identify(DDS/payload_size) by extensions ['python_setup_py']
[0.225s] Level 1:colcon.colcon_core.package_identification:_identify(DDS/payload_size) by extension 'python_setup_py'
[0.225s] Level 1:colcon.colcon_core.package_identification:_identify(DDS/test_frequency) by extensions ['ignore', 'ignore_ament_install']
[0.225s] Level 1:colcon.colcon_core.package_identification:_identify(DDS/test_frequency) by extension 'ignore'
[0.225s] Level 1:colcon.colcon_core.package_identification:_identify(DDS/test_frequency) by extension 'ignore_ament_install'
[0.225s] Level 1:colcon.colcon_core.package_identification:_identify(DDS/test_frequency) by extensions ['colcon_pkg']
[0.225s] Level 1:colcon.colcon_core.package_identification:_identify(DDS/test_frequency) by extension 'colcon_pkg'
[0.225s] Level 1:colcon.colcon_core.package_identification:_identify(DDS/test_frequency) by extensions ['colcon_meta']
[0.225s] Level 1:colcon.colcon_core.package_identification:_identify(DDS/test_frequency) by extension 'colcon_meta'
[0.225s] Level 1:colcon.colcon_core.package_identification:_identify(DDS/test_frequency) by extensions ['ros']
[0.225s] Level 1:colcon.colcon_core.package_identification:_identify(DDS/test_frequency) by extension 'ros'
[0.225s] Level 1:colcon.colcon_core.package_identification:_identify(DDS/test_frequency) by extensions ['cmake', 'python']
[0.225s] Level 1:colcon.colcon_core.package_identification:_identify(DDS/test_frequency) by extension 'cmake'
[0.225s] Level 1:colcon.colcon_core.package_identification:_identify(DDS/test_frequency) by extension 'python'
[0.225s] Level 1:colcon.colcon_core.package_identification:_identify(DDS/test_frequency) by extensions ['python_setup_py']
[0.225s] Level 1:colcon.colcon_core.package_identification:_identify(DDS/test_frequency) by extension 'python_setup_py'
[0.225s] Level 1:colcon.colcon_core.package_identification:_identify(QoS) by extensions ['ignore', 'ignore_ament_install']
[0.225s] Level 1:colcon.colcon_core.package_identification:_identify(QoS) by extension 'ignore'
[0.225s] Level 1:colcon.colcon_core.package_identification:_identify(QoS) by extension 'ignore_ament_install'
[0.225s] Level 1:colcon.colcon_core.package_identification:_identify(QoS) by extensions ['colcon_pkg']
[0.226s] Level 1:colcon.colcon_core.package_identification:_identify(QoS) by extension 'colcon_pkg'
[0.226s] Level 1:colcon.colcon_core.package_identification:_identify(QoS) by extensions ['colcon_meta']
[0.226s] Level 1:colcon.colcon_core.package_identification:_identify(QoS) by extension 'colcon_meta'
[0.226s] Level 1:colcon.colcon_core.package_identification:_identify(QoS) by extensions ['ros']
[0.226s] Level 1:colcon.colcon_core.package_identification:_identify(QoS) by extension 'ros'
[0.226s] Level 1:colcon.colcon_core.package_identification:_identify(QoS) by extensions ['cmake', 'python']
[0.226s] Level 1:colcon.colcon_core.package_identification:_identify(QoS) by extension 'cmake'
[0.226s] Level 1:colcon.colcon_core.package_identification:_identify(QoS) by extension 'python'
[0.226s] Level 1:colcon.colcon_core.package_identification:_identify(QoS) by extensions ['python_setup_py']
[0.226s] Level 1:colcon.colcon_core.package_identification:_identify(QoS) by extension 'python_setup_py'
[0.226s] Level 1:colcon.colcon_core.package_identification:_identify(build) by extensions ['ignore', 'ignore_ament_install']
[0.226s] Level 1:colcon.colcon_core.package_identification:_identify(build) by extension 'ignore'
[0.226s] Level 1:colcon.colcon_core.package_identification:_identify(build) ignored
[0.226s] Level 1:colcon.colcon_core.package_identification:_identify(install) by extensions ['ignore', 'ignore_ament_install']
[0.226s] Level 1:colcon.colcon_core.package_identification:_identify(install) by extension 'ignore'
[0.226s] Level 1:colcon.colcon_core.package_identification:_identify(install) ignored
[0.226s] Level 1:colcon.colcon_core.package_identification:_identify(log) by extensions ['ignore', 'ignore_ament_install']
[0.226s] Level 1:colcon.colcon_core.package_identification:_identify(log) by extension 'ignore'
[0.226s] Level 1:colcon.colcon_core.package_identification:_identify(log) ignored
[0.226s] Level 1:colcon.colcon_core.package_identification:_identify(src) by extensions ['ignore', 'ignore_ament_install']
[0.226s] Level 1:colcon.colcon_core.package_identification:_identify(src) by extension 'ignore'
[0.226s] Level 1:colcon.colcon_core.package_identification:_identify(src) by extension 'ignore_ament_install'
[0.227s] Level 1:colcon.colcon_core.package_identification:_identify(src) by extensions ['colcon_pkg']
[0.227s] Level 1:colcon.colcon_core.package_identification:_identify(src) by extension 'colcon_pkg'
[0.227s] Level 1:colcon.colcon_core.package_identification:_identify(src) by extensions ['colcon_meta']
[0.227s] Level 1:colcon.colcon_core.package_identification:_identify(src) by extension 'colcon_meta'
[0.227s] Level 1:colcon.colcon_core.package_identification:_identify(src) by extensions ['ros']
[0.227s] Level 1:colcon.colcon_core.package_identification:_identify(src) by extension 'ros'
[0.227s] Level 1:colcon.colcon_core.package_identification:_identify(src) by extensions ['cmake', 'python']
[0.227s] Level 1:colcon.colcon_core.package_identification:_identify(src) by extension 'cmake'
[0.227s] Level 1:colcon.colcon_core.package_identification:_identify(src) by extension 'python'
[0.227s] Level 1:colcon.colcon_core.package_identification:_identify(src) by extensions ['python_setup_py']
[0.227s] Level 1:colcon.colcon_core.package_identification:_identify(src) by extension 'python_setup_py'
[0.227s] Level 1:colcon.colcon_core.package_identification:_identify(src/build) by extensions ['ignore', 'ignore_ament_install']
[0.227s] Level 1:colcon.colcon_core.package_identification:_identify(src/build) by extension 'ignore'
[0.227s] Level 1:colcon.colcon_core.package_identification:_identify(src/build) ignored
[0.227s] Level 1:colcon.colcon_core.package_identification:_identify(src/install) by extensions ['ignore', 'ignore_ament_install']
[0.227s] Level 1:colcon.colcon_core.package_identification:_identify(src/install) by extension 'ignore'
[0.227s] Level 1:colcon.colcon_core.package_identification:_identify(src/install) ignored
[0.227s] Level 1:colcon.colcon_core.package_identification:_identify(src/latency_interfaces) by extensions ['ignore', 'ignore_ament_install']
[0.227s] Level 1:colcon.colcon_core.package_identification:_identify(src/latency_interfaces) by extension 'ignore'
[0.227s] Level 1:colcon.colcon_core.package_identification:_identify(src/latency_interfaces) by extension 'ignore_ament_install'
[0.227s] Level 1:colcon.colcon_core.package_identification:_identify(src/latency_interfaces) by extensions ['colcon_pkg']
[0.227s] Level 1:colcon.colcon_core.package_identification:_identify(src/latency_interfaces) by extension 'colcon_pkg'
[0.227s] Level 1:colcon.colcon_core.package_identification:_identify(src/latency_interfaces) by extensions ['colcon_meta']
[0.227s] Level 1:colcon.colcon_core.package_identification:_identify(src/latency_interfaces) by extension 'colcon_meta'
[0.227s] Level 1:colcon.colcon_core.package_identification:_identify(src/latency_interfaces) by extensions ['ros']
[0.228s] Level 1:colcon.colcon_core.package_identification:_identify(src/latency_interfaces) by extension 'ros'
[0.229s] DEBUG:colcon.colcon_core.package_identification:Package 'src/latency_interfaces' with type 'ros.ament_cmake' and name 'latency_interfaces'
[0.229s] Level 1:colcon.colcon_core.package_identification:_identify(src/latency_test) by extensions ['ignore', 'ignore_ament_install']
[0.229s] Level 1:colcon.colcon_core.package_identification:_identify(src/latency_test) by extension 'ignore'
[0.229s] Level 1:colcon.colcon_core.package_identification:_identify(src/latency_test) by extension 'ignore_ament_install'
[0.230s] Level 1:colcon.colcon_core.package_identification:_identify(src/latency_test) by extensions ['colcon_pkg']
[0.230s] Level 1:colcon.colcon_core.package_identification:_identify(src/latency_test) by extension 'colcon_pkg'
[0.230s] Level 1:colcon.colcon_core.package_identification:_identify(src/latency_test) by extensions ['colcon_meta']
[0.230s] Level 1:colcon.colcon_core.package_identification:_identify(src/latency_test) by extension 'colcon_meta'
[0.230s] Level 1:colcon.colcon_core.package_identification:_identify(src/latency_test) by extensions ['ros']
[0.230s] Level 1:colcon.colcon_core.package_identification:_identify(src/latency_test) by extension 'ros'
[0.230s] DEBUG:colcon.colcon_core.package_identification:Package 'src/latency_test' with type 'ros.ament_python' and name 'latency_test'
[0.230s] Level 1:colcon.colcon_core.package_identification:_identify(src/log) by extensions ['ignore', 'ignore_ament_install']
[0.230s] Level 1:colcon.colcon_core.package_identification:_identify(src/log) by extension 'ignore'
[0.230s] Level 1:colcon.colcon_core.package_identification:_identify(src/log) ignored
[0.230s] Level 1:colcon.colcon_core.package_discovery:discover_packages(recursive) using defaults
[0.230s] Level 1:colcon.colcon_core.package_discovery:discover_packages(ignore) discover
[0.230s] Level 1:colcon.colcon_core.package_discovery:discover_packages(ignore) using defaults
[0.230s] Level 1:colcon.colcon_core.package_discovery:discover_packages(path) discover
[0.230s] Level 1:colcon.colcon_core.package_discovery:discover_packages(path) using defaults
[0.245s] Level 5:colcon.colcon_core.verb:set package 'latency_interfaces' build argument 'cmake_args' from command line to 'None'
[0.245s] Level 5:colcon.colcon_core.verb:set package 'latency_interfaces' build argument 'cmake_target' from command line to 'None'
[0.245s] Level 5:colcon.colcon_core.verb:set package 'latency_interfaces' build argument 'cmake_target_skip_unavailable' from command line to 'False'
[0.245s] Level 5:colcon.colcon_core.verb:set package 'latency_interfaces' build argument 'cmake_clean_cache' from command line to 'False'
[0.245s] Level 5:colcon.colcon_core.verb:set package 'latency_interfaces' build argument 'cmake_clean_first' from command line to 'False'
[0.245s] Level 5:colcon.colcon_core.verb:set package 'latency_interfaces' build argument 'cmake_force_configure' from command line to 'False'
[0.245s] Level 5:colcon.colcon_core.verb:set package 'latency_interfaces' build argument 'ament_cmake_args' from command line to 'None'
[0.245s] Level 5:colcon.colcon_core.verb:set package 'latency_interfaces' build argument 'catkin_cmake_args' from command line to 'None'
[0.245s] Level 5:colcon.colcon_core.verb:set package 'latency_interfaces' build argument 'catkin_skip_building_tests' from command line to 'False'
[0.245s] DEBUG:colcon.colcon_core.verb:Building package 'latency_interfaces' with the following arguments: {'ament_cmake_args': None, 'build_base': '/root/ros2_ws/build/latency_interfaces', 'catkin_cmake_args': None, 'catkin_skip_building_tests': False, 'cmake_args': None, 'cmake_clean_cache': False, 'cmake_clean_first': False, 'cmake_force_configure': False, 'cmake_target': None, 'cmake_target_skip_unavailable': False, 'install_base': '/root/ros2_ws/install/latency_interfaces', 'merge_install': False, 'path': '/root/ros2_ws/src/latency_interfaces', 'symlink_install': False, 'test_result_base': None}
[0.246s] Level 5:colcon.colcon_core.verb:set package 'latency_test' build argument 'cmake_args' from command line to 'None'
[0.246s] Level 5:colcon.colcon_core.verb:set package 'latency_test' build argument 'cmake_target' from command line to 'None'
[0.246s] Level 5:colcon.colcon_core.verb:set package 'latency_test' build argument 'cmake_target_skip_unavailable' from command line to 'False'
[0.246s] Level 5:colcon.colcon_core.verb:set package 'latency_test' build argument 'cmake_clean_cache' from command line to 'False'
[0.246s] Level 5:colcon.colcon_core.verb:set package 'latency_test' build argument 'cmake_clean_first' from command line to 'False'
[0.246s] Level 5:colcon.colcon_core.verb:set package 'latency_test' build argument 'cmake_force_configure' from command line to 'False'
[0.246s] Level 5:colcon.colcon_core.verb:set package 'latency_test' build argument 'ament_cmake_args' from command line to 'None'
[0.246s] Level 5:colcon.colcon_core.verb:set package 'latency_test' build argument 'catkin_cmake_args' from command line to 'None'
[0.246s] Level 5:colcon.colcon_core.verb:set package 'latency_test' build argument 'catkin_skip_building_tests' from command line to 'False'
[0.246s] DEBUG:colcon.colcon_core.verb:Building package 'latency_test' with the following arguments: {'ament_cmake_args': None, 'build_base': '/root/ros2_ws/build/latency_test', 'catkin_cmake_args': None, 'catkin_skip_building_tests': False, 'cmake_args': None, 'cmake_clean_cache': False, 'cmake_clean_first': False, 'cmake_force_configure': False, 'cmake_target': None, 'cmake_target_skip_unavailable': False, 'install_base': '/root/ros2_ws/install/latency_test', 'merge_install': False, 'path': '/root/ros2_ws/src/latency_test', 'symlink_install': False, 'test_result_base': None}
[0.246s] INFO:colcon.colcon_core.executor:Executing jobs using 'parallel' executor
[0.246s] DEBUG:colcon.colcon_parallel_executor.executor.parallel:run_until_complete
[0.247s] INFO:colcon.colcon_ros.task.ament_cmake.build:Building ROS package in '/root/ros2_ws/src/latency_interfaces' with build type 'ament_cmake'
[0.247s] INFO:colcon.colcon_cmake.task.cmake.build:Building CMake package in '/root/ros2_ws/src/latency_interfaces'
[0.249s] INFO:colcon.colcon_core.plugin_system:Skipping extension 'colcon_core.shell.bat': Not used on non-Windows systems
[0.249s] INFO:colcon.colcon_core.shell:Skip shell extension 'powershell' for command environment: Not usable outside of PowerShell
[0.249s] DEBUG:colcon.colcon_core.shell:Skip shell extension 'dsv' for command environment
[0.258s] DEBUG:colcon.colcon_core.event_handler.log_command:Invoking command in '/root/ros2_ws/build/latency_interfaces': CMAKE_PREFIX_PATH=${CMAKE_PREFIX_PATH}:/root/ros2_ws/install/latency_test:/opt/ros/humble /usr/bin/cmake --build /root/ros2_ws/build/latency_interfaces -- -j16 -l16
[0.520s] DEBUG:colcon.colcon_core.event_handler.log_command:Invoked command in '/root/ros2_ws/build/latency_interfaces' returned '0': CMAKE_PREFIX_PATH=${CMAKE_PREFIX_PATH}:/root/ros2_ws/install/latency_test:/opt/ros/humble /usr/bin/cmake --build /root/ros2_ws/build/latency_interfaces -- -j16 -l16
[0.528s] DEBUG:colcon.colcon_core.event_handler.log_command:Invoking command in '/root/ros2_ws/build/latency_interfaces': CMAKE_PREFIX_PATH=${CMAKE_PREFIX_PATH}:/root/ros2_ws/install/latency_test:/opt/ros/humble /usr/bin/cmake --install /root/ros2_ws/build/latency_interfaces
[0.576s] Level 1:colcon.colcon_core.environment:create_environment_scripts_only(latency_interfaces)
[0.576s] DEBUG:colcon.colcon_core.event_handler.log_command:Invoked command in '/root/ros2_ws/build/latency_interfaces' returned '0': CMAKE_PREFIX_PATH=${CMAKE_PREFIX_PATH}:/root/ros2_ws/install/latency_test:/opt/ros/humble /usr/bin/cmake --install /root/ros2_ws/build/latency_interfaces
[0.578s] Level 1:colcon.colcon_core.environment:checking '/root/ros2_ws/install/latency_interfaces' for CMake module files
[0.579s] Level 1:colcon.colcon_core.environment:checking '/root/ros2_ws/install/latency_interfaces' for CMake config files
[0.579s] Level 1:colcon.colcon_core.shell:create_environment_hook('latency_interfaces', 'cmake_prefix_path')
[0.580s] INFO:colcon.colcon_core.shell:Creating environment hook '/root/ros2_ws/install/latency_interfaces/share/latency_interfaces/hook/cmake_prefix_path.ps1'
[0.580s] INFO:colcon.colcon_core.shell:Creating environment descriptor '/root/ros2_ws/install/latency_interfaces/share/latency_interfaces/hook/cmake_prefix_path.dsv'
[0.580s] INFO:colcon.colcon_core.shell:Creating environment hook '/root/ros2_ws/install/latency_interfaces/share/latency_interfaces/hook/cmake_prefix_path.sh'
[0.581s] Level 1:colcon.colcon_core.environment:checking '/root/ros2_ws/install/latency_interfaces/lib'
[0.581s] Level 1:colcon.colcon_core.shell:create_environment_hook('latency_interfaces', 'ld_library_path_lib')
[0.581s] INFO:colcon.colcon_core.shell:Creating environment hook '/root/ros2_ws/install/latency_interfaces/share/latency_interfaces/hook/ld_library_path_lib.ps1'
[0.582s] INFO:colcon.colcon_core.shell:Creating environment descriptor '/root/ros2_ws/install/latency_interfaces/share/latency_interfaces/hook/ld_library_path_lib.dsv'
[0.582s] INFO:colcon.colcon_core.shell:Creating environment hook '/root/ros2_ws/install/latency_interfaces/share/latency_interfaces/hook/ld_library_path_lib.sh'
[0.582s] Level 1:colcon.colcon_core.environment:checking '/root/ros2_ws/install/latency_interfaces/bin'
[0.582s] Level 1:colcon.colcon_core.environment:checking '/root/ros2_ws/install/latency_interfaces/lib/pkgconfig/latency_interfaces.pc'
[0.584s] Level 1:colcon.colcon_core.environment:checking '/root/ros2_ws/install/latency_interfaces/lib/python3.10/site-packages'
[0.584s] Level 1:colcon.colcon_core.environment:checking '/root/ros2_ws/install/latency_interfaces/bin'
[0.585s] INFO:colcon.colcon_core.shell:Creating package script '/root/ros2_ws/install/latency_interfaces/share/latency_interfaces/package.ps1'
[0.585s] INFO:colcon.colcon_core.shell:Creating package descriptor '/root/ros2_ws/install/latency_interfaces/share/latency_interfaces/package.dsv'
[0.586s] INFO:colcon.colcon_core.shell:Creating package script '/root/ros2_ws/install/latency_interfaces/share/latency_interfaces/package.sh'
[0.587s] INFO:colcon.colcon_core.shell:Creating package script '/root/ros2_ws/install/latency_interfaces/share/latency_interfaces/package.bash'
[0.588s] INFO:colcon.colcon_core.shell:Creating package script '/root/ros2_ws/install/latency_interfaces/share/latency_interfaces/package.zsh'
[0.588s] Level 1:colcon.colcon_core.environment:create_file_with_runtime_dependencies(/root/ros2_ws/install/latency_interfaces/share/colcon-core/packages/latency_interfaces)
[0.589s] Level 1:colcon.colcon_core.environment:create_environment_scripts_only(latency_interfaces)
[0.589s] Level 1:colcon.colcon_core.environment:checking '/root/ros2_ws/install/latency_interfaces' for CMake module files
[0.589s] Level 1:colcon.colcon_core.environment:checking '/root/ros2_ws/install/latency_interfaces' for CMake config files
[0.590s] Level 1:colcon.colcon_core.shell:create_environment_hook('latency_interfaces', 'cmake_prefix_path')
[0.590s] INFO:colcon.colcon_core.shell:Creating environment hook '/root/ros2_ws/install/latency_interfaces/share/latency_interfaces/hook/cmake_prefix_path.ps1'
[0.590s] INFO:colcon.colcon_core.shell:Creating environment descriptor '/root/ros2_ws/install/latency_interfaces/share/latency_interfaces/hook/cmake_prefix_path.dsv'
[0.590s] INFO:colcon.colcon_core.shell:Creating environment hook '/root/ros2_ws/install/latency_interfaces/share/latency_interfaces/hook/cmake_prefix_path.sh'
[0.591s] Level 1:colcon.colcon_core.environment:checking '/root/ros2_ws/install/latency_interfaces/lib'
[0.591s] Level 1:colcon.colcon_core.shell:create_environment_hook('latency_interfaces', 'ld_library_path_lib')
[0.591s] INFO:colcon.colcon_core.shell:Creating environment hook '/root/ros2_ws/install/latency_interfaces/share/latency_interfaces/hook/ld_library_path_lib.ps1'
[0.591s] INFO:colcon.colcon_core.shell:Creating environment descriptor '/root/ros2_ws/install/latency_interfaces/share/latency_interfaces/hook/ld_library_path_lib.dsv'
[0.592s] INFO:colcon.colcon_core.shell:Creating environment hook '/root/ros2_ws/install/latency_interfaces/share/latency_interfaces/hook/ld_library_path_lib.sh'
[0.592s] Level 1:colcon.colcon_core.environment:checking '/root/ros2_ws/install/latency_interfaces/bin'
[0.592s] Level 1:colcon.colcon_core.environment:checking '/root/ros2_ws/install/latency_interfaces/lib/pkgconfig/latency_interfaces.pc'
[0.592s] Level 1:colcon.colcon_core.environment:checking '/root/ros2_ws/install/latency_interfaces/lib/python3.10/site-packages'
[0.592s] Level 1:colcon.colcon_core.environment:checking '/root/ros2_ws/install/latency_interfaces/bin'
[0.593s] INFO:colcon.colcon_core.shell:Creating package script '/root/ros2_ws/install/latency_interfaces/share/latency_interfaces/package.ps1'
[0.593s] INFO:colcon.colcon_core.shell:Creating package descriptor '/root/ros2_ws/install/latency_interfaces/share/latency_interfaces/package.dsv'
[0.594s] INFO:colcon.colcon_core.shell:Creating package script '/root/ros2_ws/install/latency_interfaces/share/latency_interfaces/package.sh'
[0.594s] INFO:colcon.colcon_core.shell:Creating package script '/root/ros2_ws/install/latency_interfaces/share/latency_interfaces/package.bash'
[0.594s] INFO:colcon.colcon_core.shell:Creating package script '/root/ros2_ws/install/latency_interfaces/share/latency_interfaces/package.zsh'
[0.595s] Level 1:colcon.colcon_core.environment:create_file_with_runtime_dependencies(/root/ros2_ws/install/latency_interfaces/share/colcon-core/packages/latency_interfaces)
[0.595s] INFO:colcon.colcon_ros.task.ament_python.build:Building ROS package in '/root/ros2_ws/src/latency_test' with build type 'ament_python'
[0.595s] Level 1:colcon.colcon_core.shell:create_environment_hook('latency_test', 'ament_prefix_path')
[0.595s] INFO:colcon.colcon_core.shell:Creating environment hook '/root/ros2_ws/install/latency_test/share/latency_test/hook/ament_prefix_path.ps1'
[0.596s] INFO:colcon.colcon_core.shell:Creating environment descriptor '/root/ros2_ws/install/latency_test/share/latency_test/hook/ament_prefix_path.dsv'
[0.596s] INFO:colcon.colcon_core.shell:Creating environment hook '/root/ros2_ws/install/latency_test/share/latency_test/hook/ament_prefix_path.sh'
[0.597s] INFO:colcon.colcon_core.shell:Skip shell extension 'powershell' for command environment: Not usable outside of PowerShell
[0.597s] DEBUG:colcon.colcon_core.shell:Skip shell extension 'dsv' for command environment
[0.788s] INFO:colcon.colcon_core.task.python.build:Building Python package in '/root/ros2_ws/src/latency_test'
[0.788s] INFO:colcon.colcon_core.shell:Skip shell extension 'powershell' for command environment: Not usable outside of PowerShell
[0.788s] DEBUG:colcon.colcon_core.shell:Skip shell extension 'dsv' for command environment
[1.028s] DEBUG:colcon.colcon_core.event_handler.log_command:Invoking command in '/root/ros2_ws/src/latency_test': PYTHONPATH=/root/ros2_ws/build/latency_test/prefix_override:/usr/lib/python3/dist-packages/colcon_core/task/python/colcon_distutils_commands:/root/ros2_ws/install/latency_test/lib/python3.10/site-packages:${PYTHONPATH} /usr/bin/python3 -W ignore:setup.py install is deprecated -W ignore:easy_install command is deprecated setup.py egg_info --egg-base ../../build/latency_test build --build-base /root/ros2_ws/build/latency_test/build install --record /root/ros2_ws/build/latency_test/install.log --single-version-externally-managed install_data
[1.233s] Level 1:colcon.colcon_core.environment:checking '/root/ros2_ws/install/latency_test' for CMake module files
[1.234s] DEBUG:colcon.colcon_core.event_handler.log_command:Invoked command in '/root/ros2_ws/src/latency_test' returned '0': PYTHONPATH=/root/ros2_ws/build/latency_test/prefix_override:/usr/lib/python3/dist-packages/colcon_core/task/python/colcon_distutils_commands:/root/ros2_ws/install/latency_test/lib/python3.10/site-packages:${PYTHONPATH} /usr/bin/python3 -W ignore:setup.py install is deprecated -W ignore:easy_install command is deprecated setup.py egg_info --egg-base ../../build/latency_test build --build-base /root/ros2_ws/build/latency_test/build install --record /root/ros2_ws/build/latency_test/install.log --single-version-externally-managed install_data
[1.234s] Level 1:colcon.colcon_core.environment:checking '/root/ros2_ws/install/latency_test' for CMake config files
[1.235s] Level 1:colcon.colcon_core.environment:checking '/root/ros2_ws/install/latency_test/lib'
[1.235s] Level 1:colcon.colcon_core.environment:checking '/root/ros2_ws/install/latency_test/bin'
[1.235s] Level 1:colcon.colcon_core.environment:checking '/root/ros2_ws/install/latency_test/lib/pkgconfig/latency_test.pc'
[1.235s] Level 1:colcon.colcon_core.environment:checking '/root/ros2_ws/install/latency_test/lib/python3.10/site-packages'
[1.235s] Level 1:colcon.colcon_core.shell:create_environment_hook('latency_test', 'pythonpath')
[1.235s] INFO:colcon.colcon_core.shell:Creating environment hook '/root/ros2_ws/install/latency_test/share/latency_test/hook/pythonpath.ps1'
[1.235s] INFO:colcon.colcon_core.shell:Creating environment descriptor '/root/ros2_ws/install/latency_test/share/latency_test/hook/pythonpath.dsv'
[1.236s] INFO:colcon.colcon_core.shell:Creating environment hook '/root/ros2_ws/install/latency_test/share/latency_test/hook/pythonpath.sh'
[1.236s] Level 1:colcon.colcon_core.environment:checking '/root/ros2_ws/install/latency_test/bin'
[1.236s] Level 1:colcon.colcon_core.environment:create_environment_scripts_only(latency_test)
[1.237s] INFO:colcon.colcon_core.shell:Creating package script '/root/ros2_ws/install/latency_test/share/latency_test/package.ps1'
[1.237s] INFO:colcon.colcon_core.shell:Creating package descriptor '/root/ros2_ws/install/latency_test/share/latency_test/package.dsv'
[1.237s] INFO:colcon.colcon_core.shell:Creating package script '/root/ros2_ws/install/latency_test/share/latency_test/package.sh'
[1.238s] INFO:colcon.colcon_core.shell:Creating package script '/root/ros2_ws/install/latency_test/share/latency_test/package.bash'
[1.238s] INFO:colcon.colcon_core.shell:Creating package script '/root/ros2_ws/install/latency_test/share/latency_test/package.zsh'
[1.238s] Level 1:colcon.colcon_core.environment:create_file_with_runtime_dependencies(/root/ros2_ws/install/latency_test/share/colcon-core/packages/latency_test)
[1.239s] DEBUG:colcon.colcon_parallel_executor.executor.parallel:closing loop
[1.239s] DEBUG:colcon.colcon_parallel_executor.executor.parallel:loop closed
[1.239s] DEBUG:colcon.colcon_parallel_executor.executor.parallel:run_until_complete finished with '0'
[1.239s] DEBUG:colcon.colcon_core.event_reactor:joining thread
[1.250s] INFO:colcon.colcon_core.plugin_system:Skipping extension 'colcon_notification.desktop_notification.notify_send': Could not find 'notify-send'
[1.250s] INFO:colcon.colcon_core.plugin_system:Skipping extension 'colcon_notification.desktop_notification.terminal_notifier': Not used on non-Darwin systems
[1.250s] INFO:colcon.colcon_core.plugin_system:Skipping extension 'colcon_notification.desktop_notification.win32': Not used on non-Windows systems
[1.250s] INFO:colcon.colcon_notification.desktop_notification:Sending desktop notification using 'notify2'
[1.250s] DEBUG:colcon.colcon_notification.desktop_notification.notify2:Failed to initialize notify2: org.freedesktop.DBus.Error.NotSupported: Unable to autolaunch a dbus-daemon without a $DISPLAY for X11
[1.250s] DEBUG:colcon.colcon_core.event_reactor:joined thread
[1.251s] INFO:colcon.colcon_core.shell:Creating prefix script '/root/ros2_ws/install/local_setup.ps1'
[1.251s] INFO:colcon.colcon_core.shell:Creating prefix util module '/root/ros2_ws/install/_local_setup_util_ps1.py'
[1.253s] INFO:colcon.colcon_core.shell:Creating prefix chain script '/root/ros2_ws/install/setup.ps1'
[1.254s] INFO:colcon.colcon_core.shell:Creating prefix script '/root/ros2_ws/install/local_setup.sh'
[1.254s] INFO:colcon.colcon_core.shell:Creating prefix util module '/root/ros2_ws/install/_local_setup_util_sh.py'
[1.255s] INFO:colcon.colcon_core.shell:Creating prefix chain script '/root/ros2_ws/install/setup.sh'
[1.255s] INFO:colcon.colcon_core.shell:Creating prefix script '/root/ros2_ws/install/local_setup.bash'
[1.256s] INFO:colcon.colcon_core.shell:Creating prefix chain script '/root/ros2_ws/install/setup.bash'
[1.257s] INFO:colcon.colcon_core.shell:Creating prefix script '/root/ros2_ws/install/local_setup.zsh'
[1.257s] INFO:colcon.colcon_core.shell:Creating prefix chain script '/root/ros2_ws/install/setup.zsh'
